[INFO] Convert Raidcore/Modules/EpEarthAir.lua
[INFO]   Translate "Aileron" (l.11)
[INFO]   Translate "Elemental Vortex Alpha" (l.12)
[WARN] (Raidcore/Modules/EpEarthAir.lua:12) No reference for 'Elemental Vortex Alpha' (see http://wildstar.datminer.com/search/Elemental%20Vortex%20Alpha)
[INFO]   Translate "Elemental Vortex Beta" (l.12)
[WARN] (Raidcore/Modules/EpEarthAir.lua:12) No reference for 'Elemental Vortex Beta' (see http://wildstar.datminer.com/search/Elemental%20Vortex%20Beta)
[INFO]   Translate "Elemental Vortex Delta" (l.12)
[WARN] (Raidcore/Modules/EpEarthAir.lua:12) No reference for 'Elemental Vortex Delta' (see http://wildstar.datminer.com/search/Elemental%20Vortex%20Delta)
[INFO]   Translate "Air Column" (l.47)
[INFO]   Translate "Air Column" (l.59)
[INFO]   Translate "Megalith" (l.65)
[INFO]   Translate "Raw Power" (l.65)
[INFO]   Translate "Aileron" (l.68)
[INFO]   Translate "Supercell" (l.68)
[INFO]   Translate "The ground shudders beneath Megalith" (l.80)
[WARN] (Raidcore/Modules/EpEarthAir.lua:80) No reference for 'The ground shudders beneath Megalith' (see http://wildstar.datminer.com/search/The%20ground%20shudders%20beneath%20Megalith)
[INFO]   Translate "fractured crust leaves it exposed" (l.82)
[WARN] (Raidcore/Modules/EpEarthAir.lua:82) No reference for 'fractured crust leaves it exposed' (see http://wildstar.datminer.com/search/fractured%20crust%20leaves%20it%20exposed)
[INFO]   Translate "Megalith" (l.97)
[INFO]   Translate "Aileron" (l.101)
