[INFO] Convert Raidcore/Modules/EpFrostFire.lua
[INFO]   Translate "Pyrobane" (l.11)
[INFO]   Translate "Elemental Vortex Alpha" (l.12)
[WARN] (Raidcore/Modules/EpFrostFire.lua:12) No reference for 'Elemental Vortex Alpha' (see http://wildstar.datminer.com/search/Elemental%20Vortex%20Alpha)
[INFO]   Translate "Elemental Vortex Beta" (l.12)
[WARN] (Raidcore/Modules/EpFrostFire.lua:12) No reference for 'Elemental Vortex Beta' (see http://wildstar.datminer.com/search/Elemental%20Vortex%20Beta)
[INFO]   Translate "Elemental Vortex Delta" (l.12)
[WARN] (Raidcore/Modules/EpFrostFire.lua:12) No reference for 'Elemental Vortex Delta' (see http://wildstar.datminer.com/search/Elemental%20Vortex%20Delta)
[INFO]   Translate "fire" (l.78)
[WARN] (Raidcore/Modules/EpFrostFire.lua:78) No reference for 'fire' (see http://wildstar.datminer.com/search/fire)
[INFO]   Translate "frost" (l.81)
[WARN] (Raidcore/Modules/EpFrostFire.lua:81) No reference for 'frost' (see http://wildstar.datminer.com/search/frost)
[INFO]   Translate "fire" (l.88)
[WARN] (Raidcore/Modules/EpFrostFire.lua:88) No reference for 'fire' (see http://wildstar.datminer.com/search/fire)
[INFO]   Translate "frost" (l.95)
[WARN] (Raidcore/Modules/EpFrostFire.lua:95) No reference for 'frost' (see http://wildstar.datminer.com/search/frost)
[INFO]   Translate "Ice Tomb" (l.165)
[INFO]   Translate "Flame Wave" (l.173)
[INFO]   Translate "Flame Wave" (l.183)
[INFO]   Translate "Burning mortals... such sweet agony" (l.201)
[WARN] (Raidcore/Modules/EpFrostFire.lua:201) No reference for 'Burning mortals... such sweet agony' (see http://wildstar.datminer.com/search/Burning%20mortals...%20such%20sweet%20agony)
[INFO]   Translate "Hydroflux" (l.214)
[INFO]   Translate "Pyrobane" (l.221)
