[INFO] Convert Raidcore/Modules/EpFrostAir.lua
[INFO]   Translate "Aileron" (l.11)
[INFO]   Translate "Elemental Vortex Alpha" (l.12)
[WARN] (Raidcore/Modules/EpFrostAir.lua:12) No reference for 'Elemental Vortex Alpha' (see http://wildstar.datminer.com/search/Elemental%20Vortex%20Alpha)
[INFO]   Translate "Elemental Vortex Beta" (l.12)
[WARN] (Raidcore/Modules/EpFrostAir.lua:12) No reference for 'Elemental Vortex Beta' (see http://wildstar.datminer.com/search/Elemental%20Vortex%20Beta)
[INFO]   Translate "Elemental Vortex Delta" (l.12)
[WARN] (Raidcore/Modules/EpFrostAir.lua:12) No reference for 'Elemental Vortex Delta' (see http://wildstar.datminer.com/search/Elemental%20Vortex%20Delta)
[INFO]   Translate "Landing Volume" (l.59)
[WARN] (Raidcore/Modules/EpFrostAir.lua:59) No reference for 'Landing Volume' (see http://wildstar.datminer.com/search/Landing%20Volume)
[INFO]   Translate "Wind Wall" (l.67)
[INFO]   Translate "Hydroflux" (l.75)
[INFO]   Translate "Tsunami" (l.75)
[INFO]   Translate "Hydroflux" (l.79)
[INFO]   Translate "Glacial Icestorm" (l.79)
[INFO]   Translate "Hydroflux" (l.85)
[INFO]   Translate "Tsunami" (l.85)
[INFO]   Translate "Hydroflux evaporates" (l.92)
[WARN] (Raidcore/Modules/EpFrostAir.lua:92) No reference for 'Hydroflux evaporates' (see http://wildstar.datminer.com/search/Hydroflux%20evaporates)
[INFO]   Translate "Aileron dissipates with a flurry" (l.95)
[WARN] (Raidcore/Modules/EpFrostAir.lua:95) No reference for 'Aileron dissipates with a flurry' (see http://wildstar.datminer.com/search/Aileron%20dissipates%20with%20a%20flurry)
[INFO]   Translate "The wind starts to blow faster and faster" (l.97)
[WARN] (Raidcore/Modules/EpFrostAir.lua:97) No reference for 'The wind starts to blow faster and faster' (see http://wildstar.datminer.com/search/The%20wind%20starts%20to%20blow%20faster%20and%20faster)
[INFO]   Translate "Hydroflux" (l.162)
[INFO]   Translate "Aileron" (l.166)
