[INFO] Convert Raidcore/Modules/EpLifeLogic.lua
[INFO]   Translate "Visceralus" (l.10)
[INFO]   Translate "Elemental Vortex Alpha" (l.11)
[WARN] (Raidcore/Modules/EpLifeLogic.lua:11) No reference for 'Elemental Vortex Alpha' (see http://wildstar.datminer.com/search/Elemental%20Vortex%20Alpha)
[INFO]   Translate "Elemental Vortex Beta" (l.11)
[WARN] (Raidcore/Modules/EpLifeLogic.lua:11) No reference for 'Elemental Vortex Beta' (see http://wildstar.datminer.com/search/Elemental%20Vortex%20Beta)
[INFO]   Translate "Elemental Vortex Delta" (l.11)
[WARN] (Raidcore/Modules/EpLifeLogic.lua:11) No reference for 'Elemental Vortex Delta' (see http://wildstar.datminer.com/search/Elemental%20Vortex%20Delta)
[INFO]   Translate "Snake Snack" (l.70)
[INFO]   Translate "Life Force Shackle" (l.78)
[INFO]   Translate "Thorns" (l.83)
[INFO]   Translate "Snake Snack" (l.94)
[INFO]   Translate "Life Force Shackle" (l.96)
[INFO]   Translate "Thorns" (l.98)
[INFO]   Translate "Essence of Life" (l.106)
[INFO]   Translate "Essence of Logic" (l.117)
[INFO]   Translate "Alphanumeric Hash" (l.119)
[INFO]   Translate "Life Force" (l.124)
[INFO]   Translate "Essence of Logic" (l.133)
[INFO]   Translate "Alphanumeric Hash" (l.136)
[INFO]   Translate "Life Force" (l.141)
[INFO]   Translate "Visceralus" (l.148)
[INFO]   Translate "Blinding Light" (l.148)
[INFO]   Translate "Mnemesis" (l.152)
[INFO]   Translate "Defragment" (l.152)
[INFO]   Translate "Visceralus" (l.166)
[INFO]   Translate "Mnemesis" (l.174)
