[INFO] Convert Raidcore/Modules/PhageCouncil.lua
[INFO]   Translate "Golgox the Lifecrusher" (l.10)
[INFO]   Translate "Terax Blightweaver" (l.10)
[INFO]   Translate "Ersoth Curseform" (l.10)
[INFO]   Translate "Noxmind the Insidious" (l.10)
[INFO]   Translate "Fleshmonger Vratorg" (l.10)
[INFO]   Translate "Augmentation Core" (l.11)
[WARN] (Raidcore/Modules/PhageCouncil.lua:11) No reference for 'Augmentation Core' (see http://wildstar.datminer.com/search/Augmentation%20Core)
[INFO]   Translate "Augmentation Core" (l.12)
[WARN] (Raidcore/Modules/PhageCouncil.lua:12) No reference for 'Augmentation Core' (see http://wildstar.datminer.com/search/Augmentation%20Core)
[INFO]   Translate "Golgox the Lifecrusher" (l.39)
[INFO]   Translate "Teleport" (l.39)
[INFO]   Translate "Terax Blightweaver" (l.42)
[INFO]   Translate "Teleport" (l.42)
[INFO]   Translate "Ersoth Curseform" (l.45)
[INFO]   Translate "Teleport" (l.45)
[INFO]   Translate "Noxmind the Insidious" (l.48)
[INFO]   Translate "Teleport" (l.48)
[INFO]   Translate "Fleshmonger Vratorg" (l.51)
[INFO]   Translate "Teleport" (l.51)
[INFO]   Translate "Channeling Energy" (l.58)
[INFO]   Translate "The Phageborn Convergence begins gathering its power" (l.66)
[WARN] (Raidcore/Modules/PhageCouncil.lua:66) No reference for 'The Phageborn Convergence begins gathering its power' (see http://wildstar.datminer.com/search/The%20Phageborn%20Convergence%20begins%20gathering%20its%20power)
