[INFO] Convert Raidcore/Modules/Avatus.lua
[INFO]   Translate "Avatus" (l.6)
[INFO]   Translate "The Oculus" (l.7)
[WARN] (Raidcore/Modules/Avatus.lua:7) No reference for 'The Oculus' (see http://wildstar.datminer.com/search/The%20Oculus)
[INFO]   Translate "Avatus" (l.170)
[INFO]   Translate "Holo Hand" (l.174)
[INFO]   Translate "Mobius Physics Constructor" (l.185)
[INFO]   Translate "Unstoppable Object Simulation" (l.194)
[INFO]   Translate "Holo Cannon" (l.196)
[INFO]   Translate "Shock Sphere" (l.198)
[INFO]   Translate "Support Cannon" (l.200)
[INFO]   Translate "Infinite Logic Loop" (l.205)
[INFO]   Translate "Holo Hand" (l.217)
[INFO]   Translate "Holo Cannon" (l.226)
[INFO]   Translate "Avatus" (l.228)
[INFO]   Translate "Shock Sphere" (l.230)
[INFO]   Translate "Infinite Logic Loop" (l.232)
[INFO]   Translate "Mobius Physics Constructor" (l.234)
[INFO]   Translate "Green Reconstitution Matrix" (l.256)
[INFO]   Translate "Blue Disruption Matrix" (l.266)
[INFO]   Translate "Red Empowerment Matrix" (l.276)
[INFO]   Translate "Avatus" (l.305)
[INFO]   Translate "Obliteration Beam" (l.305)
[INFO]   Translate "Holo Hand" (l.312)
[INFO]   Translate "Crushing Blow" (l.312)
[INFO]   Translate "Mobius Physics Constructor" (l.328)
[INFO]   Translate "Data Flare" (l.328)
[INFO]   Translate "Gun Grid Activated" (l.339)
[WARN] (Raidcore/Modules/Avatus.lua:339) No reference for 'Gun Grid Activated' (see http://wildstar.datminer.com/search/Gun%20Grid%20Activated)
[INFO]   Translate "Portals have opened!" (l.348)
[WARN] (Raidcore/Modules/Avatus.lua:348) No reference for 'Portals have opened!' (see http://wildstar.datminer.com/search/Portals%20have%20opened!)
[INFO]   Translate "red" (l.362)
[WARN] (Raidcore/Modules/Avatus.lua:362) No reference for 'red' (see http://wildstar.datminer.com/search/red)
[INFO]   Translate "green" (l.365)
[WARN] (Raidcore/Modules/Avatus.lua:365) No reference for 'green' (see http://wildstar.datminer.com/search/green)
[INFO]   Translate "blue" (l.368)
[WARN] (Raidcore/Modules/Avatus.lua:368) No reference for 'blue' (see http://wildstar.datminer.com/search/blue)
[INFO]   Translate "Infinite Logic Loop" (l.414)
[INFO] Convert Raidcore/Modules/EpEarthAir.lua
[INFO]   Translate "Aileron" (l.11)
[INFO]   Translate "Elemental Vortex Alpha" (l.12)
[WARN] (Raidcore/Modules/EpEarthAir.lua:12) No reference for 'Elemental Vortex Alpha' (see http://wildstar.datminer.com/search/Elemental%20Vortex%20Alpha)
[INFO]   Translate "Elemental Vortex Beta" (l.12)
[WARN] (Raidcore/Modules/EpEarthAir.lua:12) No reference for 'Elemental Vortex Beta' (see http://wildstar.datminer.com/search/Elemental%20Vortex%20Beta)
[INFO]   Translate "Elemental Vortex Delta" (l.12)
[WARN] (Raidcore/Modules/EpEarthAir.lua:12) No reference for 'Elemental Vortex Delta' (see http://wildstar.datminer.com/search/Elemental%20Vortex%20Delta)
[INFO]   Translate "Air Column" (l.47)
[INFO]   Translate "Air Column" (l.59)
[INFO]   Translate "Megalith" (l.65)
[INFO]   Translate "Raw Power" (l.65)
[INFO]   Translate "Aileron" (l.68)
[INFO]   Translate "Supercell" (l.68)
[INFO]   Translate "The ground shudders beneath Megalith" (l.80)
[WARN] (Raidcore/Modules/EpEarthAir.lua:80) No reference for 'The ground shudders beneath Megalith' (see http://wildstar.datminer.com/search/The%20ground%20shudders%20beneath%20Megalith)
[INFO]   Translate "fractured crust leaves it exposed" (l.82)
[WARN] (Raidcore/Modules/EpEarthAir.lua:82) No reference for 'fractured crust leaves it exposed' (see http://wildstar.datminer.com/search/fractured%20crust%20leaves%20it%20exposed)
[INFO]   Translate "Megalith" (l.97)
[INFO]   Translate "Aileron" (l.101)
[INFO] Convert Raidcore/Modules/VolatilyLattice.lua
[INFO]   Translate "Big Red Button" (l.10)
[WARN] (Raidcore/Modules/VolatilyLattice.lua:10) No reference for 'Big Red Button' (see http://wildstar.datminer.com/search/Big%20Red%20Button)
[INFO]   Translate "Big Red Button" (l.66)
[WARN] (Raidcore/Modules/VolatilyLattice.lua:66) No reference for 'Big Red Button' (see http://wildstar.datminer.com/search/Big%20Red%20Button)
[INFO]   Translate "Data Devourer" (l.75)
[INFO]   Translate "Avatus sets his focus on" (l.82)
[WARN] (Raidcore/Modules/VolatilyLattice.lua:82) No reference for 'Avatus sets his focus on' (see http://wildstar.datminer.com/search/Avatus%20sets%20his%20focus%20on)
[INFO]   Translate "Avatus prepares to delete all data" (l.104)
[WARN] (Raidcore/Modules/VolatilyLattice.lua:104) No reference for 'Avatus prepares to delete all data' (see http://wildstar.datminer.com/search/Avatus%20prepares%20to%20delete%20all%20data)
[INFO]   Translate "The Secure Sector Enhancement Ports have been activated" (l.110)
[WARN] (Raidcore/Modules/VolatilyLattice.lua:110) No reference for 'The Secure Sector Enhancement Ports have been activated' (see http://wildstar.datminer.com/search/The%20Secure%20Sector%20Enhancement%20Ports%20have%20been%20activated)
[INFO]   Translate "The Vertical Locomotion Enhancement Ports have been activated" (l.118)
[WARN] (Raidcore/Modules/VolatilyLattice.lua:118) No reference for 'The Vertical Locomotion Enhancement Ports have been activated' (see http://wildstar.datminer.com/search/The%20Vertical%20Locomotion%20Enhancement%20Ports%20have%20been%20activated)
[INFO]   Translate "Obstinate Logic Wall" (l.134)
[INFO] Convert Raidcore/Modules/Gloomclaw.lua
[INFO]   Translate "Gloomclaw" (l.10)
[INFO]   Translate "Datascape Corruption Pool" (l.114)
[INFO]   Translate "Corrupted Ravager" (l.117)
[INFO]   Translate "Empowered Ravager" (l.117)
[WARN] (Raidcore/Modules/Gloomclaw.lua:117) No reference for 'Empowered Ravager' (see http://wildstar.datminer.com/search/Empowered%20Ravager)
[INFO]   Translate "Volatile Mauler" (l.119)
[INFO]   Translate "Gloomclaw" (l.127)
[INFO]   Translate "Rupture" (l.127)
[INFO]   Translate "Gloomclaw is pushed back by the purification of the essences" (l.144)
[WARN] (Raidcore/Modules/Gloomclaw.lua:144) No reference for 'Gloomclaw is pushed back by the purification of the essences' (see http://wildstar.datminer.com/search/Gloomclaw%20is%20pushed%20back%20by%20the%20purification%20of%20the%20essences)
[INFO]   Translate "pushed" (l.150)
[WARN] (Raidcore/Modules/Gloomclaw.lua:150) No reference for 'pushed' (see http://wildstar.datminer.com/search/pushed)
[INFO]   Translate "Gloomclaw is reduced to a weakened state" (l.176)
[WARN] (Raidcore/Modules/Gloomclaw.lua:176) No reference for 'Gloomclaw is reduced to a weakened state' (see http://wildstar.datminer.com/search/Gloomclaw%20is%20reduced%20to%20a%20weakened%20state)
[INFO]   Translate "Gloomclaw is vulnerable" (l.187)
[WARN] (Raidcore/Modules/Gloomclaw.lua:187) No reference for 'Gloomclaw is vulnerable' (see http://wildstar.datminer.com/search/Gloomclaw%20is%20vulnerable)
[INFO]   Translate "Gloomclaw" (l.222)
[INFO] Convert Raidcore/Modules/Phagemaw.lua
[INFO]   Translate "Phage Maw" (l.10)
[INFO]   Translate "Experimentation Lab CX-33" (l.11)
[WARN] (Raidcore/Modules/Phagemaw.lua:11) No reference for 'Experimentation Lab CX-33' (see http://wildstar.datminer.com/search/Experimentation%20Lab%20CX-33)
[INFO]   Translate "Experimentation Lab CX-33" (l.12)
[WARN] (Raidcore/Modules/Phagemaw.lua:12) No reference for 'Experimentation Lab CX-33' (see http://wildstar.datminer.com/search/Experimentation%20Lab%20CX-33)
[INFO]   Translate "Detonation Bomb" (l.38)
[INFO]   Translate "The augmented shield has been destroyed" (l.46)
[WARN] (Raidcore/Modules/Phagemaw.lua:46) No reference for 'The augmented shield has been destroyed' (see http://wildstar.datminer.com/search/The%20augmented%20shield%20has%20been%20destroyed)
[INFO]   Translate "Phage Maw begins charging an orbital strike" (l.51)
[WARN] (Raidcore/Modules/Phagemaw.lua:51) No reference for 'Phage Maw begins charging an orbital strike' (see http://wildstar.datminer.com/search/Phage%20Maw%20begins%20charging%20an%20orbital%20strike)
[INFO]   Translate "Maelstrom Authority" (l.60)
[INFO] Convert Raidcore/Modules/Test.lua
[INFO]   Translate "Gnash" (l.6)
[INFO]   Translate "Gnash" (l.16)
[INFO] Convert Raidcore/Modules/MaelstromAuthority.lua
[INFO]   Translate "Weather Control Station" (l.10)
[WARN] (Raidcore/Modules/MaelstromAuthority.lua:10) No reference for 'Weather Control Station' (see http://wildstar.datminer.com/search/Weather%20Control%20Station)
[INFO]   Translate "Avatus Hologram" (l.43)
[WARN] (Raidcore/Modules/MaelstromAuthority.lua:43) No reference for 'Avatus Hologram' (see http://wildstar.datminer.com/search/Avatus%20Hologram)
[INFO]   Translate "Wind Wall" (l.47)
[INFO]   Translate "Weather Station" (l.52)
[INFO]   Translate "Wind Wall" (l.67)
[INFO]   Translate "Weather Station" (l.72)
[INFO]   Translate "Maelstrom Authority" (l.79)
[INFO]   Translate "Activate Weather Cycle" (l.79)
[INFO]   Translate "Maelstrom Authority" (l.85)
[INFO]   Translate "Ice Breath" (l.85)
[INFO]   Translate "Maelstrom Authority" (l.87)
[INFO]   Translate "Crystallize" (l.87)
[INFO]   Translate "Maelstrom Authority" (l.89)
[INFO]   Translate "Typhoon" (l.89)
[INFO]   Translate "The platform trembles" (l.96)
[WARN] (Raidcore/Modules/MaelstromAuthority.lua:96) No reference for 'The platform trembles' (see http://wildstar.datminer.com/search/The%20platform%20trembles)
[INFO]   Translate "Maelstrom Authority" (l.106)
[INFO]   Translate "Weather Station" (l.112)
[INFO] Convert Raidcore/Modules/ExperimentX89.lua
[INFO]   Translate "Experiment X-89" (l.10)
[INFO]   Translate "Isolation Chamber" (l.11)
[WARN] (Raidcore/Modules/ExperimentX89.lua:11) No reference for 'Isolation Chamber' (see http://wildstar.datminer.com/search/Isolation%20Chamber)
[INFO]   Translate "Isolation Chamber" (l.12)
[WARN] (Raidcore/Modules/ExperimentX89.lua:12) No reference for 'Isolation Chamber' (see http://wildstar.datminer.com/search/Isolation%20Chamber)
[INFO]   Translate "Experiment X-89" (l.39)
[INFO]   Translate "Resounding Shout" (l.39)
[INFO]   Translate "Experiment X-89" (l.42)
[INFO]   Translate "Repugnant Spew" (l.42)
[INFO]   Translate "Experiment X-89" (l.45)
[INFO]   Translate "Shattering Shockwave" (l.45)
[INFO]   Translate "Experiment X%-89 has placed a bomb" (l.53)
[WARN] (Raidcore/Modules/ExperimentX89.lua:53) No reference for 'Experiment X%-89 has placed a bomb' (see http://wildstar.datminer.com/search/Experiment%20X%25-89%20has%20placed%20a%20bomb)
[INFO]   Translate "Experiment X-89" (l.72)
[INFO] Convert Raidcore/Modules/EpFrostAir.lua
[INFO]   Translate "Aileron" (l.11)
[INFO]   Translate "Elemental Vortex Alpha" (l.12)
[WARN] (Raidcore/Modules/EpFrostAir.lua:12) No reference for 'Elemental Vortex Alpha' (see http://wildstar.datminer.com/search/Elemental%20Vortex%20Alpha)
[INFO]   Translate "Elemental Vortex Beta" (l.12)
[WARN] (Raidcore/Modules/EpFrostAir.lua:12) No reference for 'Elemental Vortex Beta' (see http://wildstar.datminer.com/search/Elemental%20Vortex%20Beta)
[INFO]   Translate "Elemental Vortex Delta" (l.12)
[WARN] (Raidcore/Modules/EpFrostAir.lua:12) No reference for 'Elemental Vortex Delta' (see http://wildstar.datminer.com/search/Elemental%20Vortex%20Delta)
[INFO]   Translate "Landing Volume" (l.59)
[WARN] (Raidcore/Modules/EpFrostAir.lua:59) No reference for 'Landing Volume' (see http://wildstar.datminer.com/search/Landing%20Volume)
[INFO]   Translate "Wind Wall" (l.67)
[INFO]   Translate "Hydroflux" (l.75)
[INFO]   Translate "Tsunami" (l.75)
[INFO]   Translate "Hydroflux" (l.79)
[INFO]   Translate "Glacial Icestorm" (l.79)
[INFO]   Translate "Hydroflux" (l.85)
[INFO]   Translate "Tsunami" (l.85)
[INFO]   Translate "Hydroflux evaporates" (l.92)
[WARN] (Raidcore/Modules/EpFrostAir.lua:92) No reference for 'Hydroflux evaporates' (see http://wildstar.datminer.com/search/Hydroflux%20evaporates)
[INFO]   Translate "Aileron dissipates with a flurry" (l.95)
[WARN] (Raidcore/Modules/EpFrostAir.lua:95) No reference for 'Aileron dissipates with a flurry' (see http://wildstar.datminer.com/search/Aileron%20dissipates%20with%20a%20flurry)
[INFO]   Translate "The wind starts to blow faster and faster" (l.97)
[WARN] (Raidcore/Modules/EpFrostAir.lua:97) No reference for 'The wind starts to blow faster and faster' (see http://wildstar.datminer.com/search/The%20wind%20starts%20to%20blow%20faster%20and%20faster)
[INFO]   Translate "Hydroflux" (l.162)
[INFO]   Translate "Aileron" (l.166)
[INFO] Convert Raidcore/Modules/EpEarthLogic.lua
[INFO]   Translate "Mnemesis" (l.11)
[INFO]   Translate "Elemental Vortex Alpha" (l.12)
[WARN] (Raidcore/Modules/EpEarthLogic.lua:12) No reference for 'Elemental Vortex Alpha' (see http://wildstar.datminer.com/search/Elemental%20Vortex%20Alpha)
[INFO]   Translate "Elemental Vortex Beta" (l.12)
[WARN] (Raidcore/Modules/EpEarthLogic.lua:12) No reference for 'Elemental Vortex Beta' (see http://wildstar.datminer.com/search/Elemental%20Vortex%20Beta)
[INFO]   Translate "Elemental Vortex Delta" (l.12)
[WARN] (Raidcore/Modules/EpEarthLogic.lua:12) No reference for 'Elemental Vortex Delta' (see http://wildstar.datminer.com/search/Elemental%20Vortex%20Delta)
[INFO]   Translate "Obsidian Outcropping" (l.56)
[WARN] (Raidcore/Modules/EpEarthLogic.lua:56) No reference for 'Obsidian Outcropping' (see http://wildstar.datminer.com/search/Obsidian%20Outcropping)
[INFO]   Translate "Obsidian Outcropping" (l.65)
[WARN] (Raidcore/Modules/EpEarthLogic.lua:65) No reference for 'Obsidian Outcropping' (see http://wildstar.datminer.com/search/Obsidian%20Outcropping)
[INFO]   Translate "Mnemesis" (l.72)
[INFO]   Translate "Defragment" (l.72)
[INFO]   Translate "The ground shudders beneath Megalith" (l.85)
[WARN] (Raidcore/Modules/EpEarthLogic.lua:85) No reference for 'The ground shudders beneath Megalith' (see http://wildstar.datminer.com/search/The%20ground%20shudders%20beneath%20Megalith)
[INFO]   Translate "Logic creates powerful data caches" (l.87)
[WARN] (Raidcore/Modules/EpEarthLogic.lua:87) No reference for 'Logic creates powerful data caches' (see http://wildstar.datminer.com/search/Logic%20creates%20powerful%20data%20caches)
[INFO]   Translate "Megalith" (l.111)
[INFO]   Translate "Mnemesis" (l.113)
[INFO]   Translate "Crystalline Matrix" (l.125)
[INFO]   Translate "Mnemesis" (l.133)
[INFO] Convert Raidcore/Modules/EpFrostLogic.lua
[INFO]   Translate "Mnemesis" (l.10)
[INFO]   Translate "Elemental Vortex Alpha" (l.11)
[WARN] (Raidcore/Modules/EpFrostLogic.lua:11) No reference for 'Elemental Vortex Alpha' (see http://wildstar.datminer.com/search/Elemental%20Vortex%20Alpha)
[INFO]   Translate "Elemental Vortex Beta" (l.11)
[WARN] (Raidcore/Modules/EpFrostLogic.lua:11) No reference for 'Elemental Vortex Beta' (see http://wildstar.datminer.com/search/Elemental%20Vortex%20Beta)
[INFO]   Translate "Elemental Vortex Delta" (l.11)
[WARN] (Raidcore/Modules/EpFrostLogic.lua:11) No reference for 'Elemental Vortex Delta' (see http://wildstar.datminer.com/search/Elemental%20Vortex%20Delta)
[INFO]   Translate "Mnemesis" (l.57)
[INFO]   Translate "Circuit Breaker" (l.57)
[INFO]   Translate "Mnemesis" (l.64)
[INFO]   Translate "Imprison" (l.64)
[INFO]   Translate "Mnemesis" (l.67)
[INFO]   Translate "Defragment" (l.67)
[INFO]   Translate "Mnemesis" (l.75)
[INFO]   Translate "Circuit Breaker" (l.75)
[INFO]   Translate "Data Disruptor" (l.82)
[INFO]   Translate "Data Disruptor" (l.94)
[INFO]   Translate "Alphanumeric Hash" (l.106)
[INFO]   Translate "Alphanumeric Hash" (l.125)
[INFO]   Translate "Hydro Disrupter - DNT" (l.130)
[WARN] (Raidcore/Modules/EpFrostLogic.lua:130) No reference for 'Hydro Disrupter - DNT' (see http://wildstar.datminer.com/search/Hydro%20Disrupter%20-%20DNT)
[INFO]   Translate "Hydroflux" (l.143)
[INFO]   Translate "Mnemesis" (l.146)
[INFO] Convert Raidcore/Modules/EpAirLife.lua
[INFO]   Translate "Visceralus" (l.11)
[INFO]   Translate "Elemental Vortex Alpha" (l.12)
[WARN] (Raidcore/Modules/EpAirLife.lua:12) No reference for 'Elemental Vortex Alpha' (see http://wildstar.datminer.com/search/Elemental%20Vortex%20Alpha)
[INFO]   Translate "Elemental Vortex Beta" (l.12)
[WARN] (Raidcore/Modules/EpAirLife.lua:12) No reference for 'Elemental Vortex Beta' (see http://wildstar.datminer.com/search/Elemental%20Vortex%20Beta)
[INFO]   Translate "Elemental Vortex Delta" (l.12)
[WARN] (Raidcore/Modules/EpAirLife.lua:12) No reference for 'Elemental Vortex Delta' (see http://wildstar.datminer.com/search/Elemental%20Vortex%20Delta)
[INFO]   Translate "Life Force" (l.100)
[INFO]   Translate "Lifekeeper" (l.103)
[INFO]   Translate "Life Force" (l.120)
[INFO]   Translate "Lifekeeper" (l.122)
[INFO]   Translate "Life Force Shackle" (l.142)
[INFO]   Translate "Lightning Strike" (l.147)
[INFO]   Translate "Recently Saved" (l.152)
[INFO]   Translate "Life Force Shackle" (l.161)
[INFO]   Translate "Lightning Strike" (l.163)
[INFO]   Translate "Visceralus" (l.170)
[INFO]   Translate "Blinding Light" (l.170)
[INFO]   Translate "Aileron" (l.206)
[INFO]   Translate "Visceralus" (l.209)
[INFO] Convert Raidcore/Modules/SystemDeamons.lua
[INFO]   Translate "Binary System Daemon" (l.11)
[INFO]   Translate "Null System Daemon" (l.11)
[INFO]   Translate "Halls of the Infinite Mind" (l.12)
[WARN] (Raidcore/Modules/SystemDeamons.lua:12) No reference for 'Halls of the Infinite Mind' (see http://wildstar.datminer.com/search/Halls%20of%20the%20Infinite%20Mind)
[INFO]   Translate "Infinite Generator Core" (l.12)
[WARN] (Raidcore/Modules/SystemDeamons.lua:12) No reference for 'Infinite Generator Core' (see http://wildstar.datminer.com/search/Infinite%20Generator%20Core)
[INFO]   Translate "Lower Infinite Generator Core" (l.12)
[WARN] (Raidcore/Modules/SystemDeamons.lua:12) No reference for 'Lower Infinite Generator Core' (see http://wildstar.datminer.com/search/Lower%20Infinite%20Generator%20Core)
[INFO]   Translate "Halls of the Infinite Mind" (l.13)
[WARN] (Raidcore/Modules/SystemDeamons.lua:13) No reference for 'Halls of the Infinite Mind' (see http://wildstar.datminer.com/search/Halls%20of%20the%20Infinite%20Mind)
[INFO]   Translate "Infinite Generator Core" (l.13)
[WARN] (Raidcore/Modules/SystemDeamons.lua:13) No reference for 'Infinite Generator Core' (see http://wildstar.datminer.com/search/Infinite%20Generator%20Core)
[INFO]   Translate "Lower Infinite Generator Core" (l.13)
[WARN] (Raidcore/Modules/SystemDeamons.lua:13) No reference for 'Lower Infinite Generator Core' (see http://wildstar.datminer.com/search/Lower%20Infinite%20Generator%20Core)
[INFO]   Translate "Null System Daemon" (l.95)
[INFO]   Translate "Binary System Daemon" (l.95)
[INFO]   Translate "Conduction Unit Mk. I" (l.104)
[INFO]   Translate "Infinite Generator Core" (l.106)
[WARN] (Raidcore/Modules/SystemDeamons.lua:106) No reference for 'Infinite Generator Core' (see http://wildstar.datminer.com/search/Infinite%20Generator%20Core)
[INFO]   Translate "Conduction Unit Mk. II" (l.108)
[INFO]   Translate "Infinite Generator Core" (l.110)
[WARN] (Raidcore/Modules/SystemDeamons.lua:110) No reference for 'Infinite Generator Core' (see http://wildstar.datminer.com/search/Infinite%20Generator%20Core)
[INFO]   Translate "Conduction Unit Mark III" (l.112)
[INFO]   Translate "Infinite Generator Core" (l.114)
[WARN] (Raidcore/Modules/SystemDeamons.lua:114) No reference for 'Infinite Generator Core' (see http://wildstar.datminer.com/search/Infinite%20Generator%20Core)
[INFO]   Translate "Enhancement Module" (l.115)
[INFO]   Translate "Recovery Protocol" (l.121)
[INFO]   Translate "Enhancement Module" (l.128)
[INFO]   Translate "Recovery Protocol" (l.160)
[INFO]   Translate "Repair Sequence" (l.160)
[INFO]   Translate "Binary System Daemon" (l.167)
[INFO]   Translate "Power Surge" (l.167)
[INFO]   Translate "Null System Daemon" (l.172)
[INFO]   Translate "Power Surge" (l.172)
[INFO]   Translate "Purge" (l.177)
[INFO]   Translate "Defragmentation Unit" (l.185)
[INFO]   Translate "Black IC" (l.185)
[INFO]   Translate "Recovery Protocol" (l.188)
[INFO]   Translate "Repair Sequence" (l.188)
[INFO]   Translate "Overload" (l.206)
[INFO]   Translate "Purge" (l.208)
[INFO]   Translate "Overload" (l.220)
[INFO]   Translate "Purge" (l.222)
[INFO]   Translate "Datascape" (l.228)
[INFO]   Translate "Halls of the Infinite Mind" (l.230)
[WARN] (Raidcore/Modules/SystemDeamons.lua:230) No reference for 'Halls of the Infinite Mind' (see http://wildstar.datminer.com/search/Halls%20of%20the%20Infinite%20Mind)
[INFO]   Translate "Infinite Generator Core" (l.240)
[WARN] (Raidcore/Modules/SystemDeamons.lua:240) No reference for 'Infinite Generator Core' (see http://wildstar.datminer.com/search/Infinite%20Generator%20Core)
[INFO]   Translate "INVALID SIGNAL. DISCONNECTING" (l.267)
[WARN] (Raidcore/Modules/SystemDeamons.lua:267) No reference for 'INVALID SIGNAL. DISCONNECTING' (see http://wildstar.datminer.com/search/INVALID%20SIGNAL.%20DISCONNECTING)
[INFO]   Translate "COMMENCING ENHANCEMENT SEQUENCE" (l.277)
[WARN] (Raidcore/Modules/SystemDeamons.lua:277) No reference for 'COMMENCING ENHANCEMENT SEQUENCE' (see http://wildstar.datminer.com/search/COMMENCING%20ENHANCEMENT%20SEQUENCE)
[INFO]   Translate "Null System Daemon" (l.343)
[INFO]   Translate "Binary System Daemon" (l.343)
[INFO]   Translate "Defragmentation Unit" (l.361)
[INFO]   Translate "Infinite Generator Core" (l.362)
[WARN] (Raidcore/Modules/SystemDeamons.lua:362) No reference for 'Infinite Generator Core' (see http://wildstar.datminer.com/search/Infinite%20Generator%20Core)
[INFO] Convert Raidcore/Modules/Prototypes.lua
[INFO]   Translate "Phagetech Commander" (l.10)
[INFO]   Translate "Phagetech Augmentor" (l.10)
[INFO]   Translate "Phagetech Protector" (l.10)
[INFO]   Translate "Phagetech Fabricator" (l.10)
[INFO]   Translate "Phagetech Uplink Hub" (l.11)
[WARN] (Raidcore/Modules/Prototypes.lua:11) No reference for 'Phagetech Uplink Hub' (see http://wildstar.datminer.com/search/Phagetech%20Uplink%20Hub)
[INFO]   Translate "Phagetech Uplink Hub" (l.12)
[WARN] (Raidcore/Modules/Prototypes.lua:12) No reference for 'Phagetech Uplink Hub' (see http://wildstar.datminer.com/search/Phagetech%20Uplink%20Hub)
[INFO]   Translate "Phagetech Augmentor" (l.40)
[INFO]   Translate "Summon Repairbot" (l.40)
[INFO]   Translate "Phagetech Fabricator" (l.42)
[INFO]   Translate "Summon Destructobot" (l.42)
[INFO]   Translate "Phagetech Commander is now active!" (l.48)
[WARN] (Raidcore/Modules/Prototypes.lua:48) No reference for 'Phagetech Commander is now active!' (see http://wildstar.datminer.com/search/Phagetech%20Commander%20is%20now%20active!)
[INFO]   Translate "Phagetech Augmentor is now active!" (l.54)
[WARN] (Raidcore/Modules/Prototypes.lua:54) No reference for 'Phagetech Augmentor is now active!' (see http://wildstar.datminer.com/search/Phagetech%20Augmentor%20is%20now%20active!)
[INFO]   Translate "Phagetech Protector is now active!" (l.56)
[WARN] (Raidcore/Modules/Prototypes.lua:56) No reference for 'Phagetech Protector is now active!' (see http://wildstar.datminer.com/search/Phagetech%20Protector%20is%20now%20active!)
[INFO]   Translate "Phagetech Fabricator is now active!" (l.59)
[WARN] (Raidcore/Modules/Prototypes.lua:59) No reference for 'Phagetech Fabricator is now active!' (see http://wildstar.datminer.com/search/Phagetech%20Fabricator%20is%20now%20active!)
[INFO]   Translate "Phagetech Commander" (l.71)
[INFO]   Translate "Phagetech Augmentor" (l.73)
[INFO]   Translate "Phagetech Fabricator" (l.73)
[INFO] Convert Raidcore/Modules/Kuralak.lua
[INFO]   Translate "Kuralak the Defiler" (l.10)
[INFO]   Translate "Archive Access Core" (l.11)
[WARN] (Raidcore/Modules/Kuralak.lua:11) No reference for 'Archive Access Core' (see http://wildstar.datminer.com/search/Archive%20Access%20Core)
[INFO]   Translate "Archive Access Core" (l.12)
[WARN] (Raidcore/Modules/Kuralak.lua:12) No reference for 'Archive Access Core' (see http://wildstar.datminer.com/search/Archive%20Access%20Core)
[INFO]   Translate "Kuralak the Defiler" (l.42)
[INFO]   Translate "Kuralak the Defiler returns to the Archive Core" (l.55)
[WARN] (Raidcore/Modules/Kuralak.lua:55) No reference for 'Kuralak the Defiler returns to the Archive Core' (see http://wildstar.datminer.com/search/Kuralak%20the%20Defiler%20returns%20to%20the%20Archive%20Core)
[INFO]   Translate "Kuralak the Defiler causes a violent outbreak of corruption" (l.58)
[WARN] (Raidcore/Modules/Kuralak.lua:58) No reference for 'Kuralak the Defiler causes a violent outbreak of corruption' (see http://wildstar.datminer.com/search/Kuralak%20the%20Defiler%20causes%20a%20violent%20outbreak%20of%20corruption)
[INFO]   Translate "The corruption begins to fester" (l.67)
[WARN] (Raidcore/Modules/Kuralak.lua:67) No reference for 'The corruption begins to fester' (see http://wildstar.datminer.com/search/The%20corruption%20begins%20to%20fester)
[INFO]   Translate "has been anesthetized" (l.77)
[WARN] (Raidcore/Modules/Kuralak.lua:77) No reference for 'has been anesthetized' (see http://wildstar.datminer.com/search/has%20been%20anesthetized)
[INFO]   Translate "Through the Strain you will be transformed" (l.90)
[WARN] (Raidcore/Modules/Kuralak.lua:90) No reference for 'Through the Strain you will be transformed' (see http://wildstar.datminer.com/search/Through%20the%20Strain%20you%20will%20be%20transformed)
[INFO]   Translate "Kuralak the Defiler" (l.127)
[INFO] Convert Raidcore/Modules/DSFireWing.lua
[INFO]   Translate "Warmonger Agratha" (l.10)
[INFO]   Translate "Warmonger Talarii" (l.10)
[INFO]   Translate "Grand Warmonger Tar'gresh" (l.10)
[INFO]   Translate "Conjured Fire Bomb" (l.40)
[INFO]   Translate "Warmonger Talarii" (l.56)
[INFO]   Translate "Incineration" (l.56)
[INFO]   Translate "Warmonger Agratha" (l.59)
[INFO]   Translate "Conjure Fire Elementals" (l.59)
[INFO]   Translate "Warmonger Talarii" (l.63)
[INFO]   Translate "Conjure Fire Elementals" (l.63)
[INFO]   Translate "Grand Warmonger Tar'gresh" (l.67)
[INFO]   Translate "Meteor Storm" (l.67)
[INFO]   Translate "Warmonger Agratha" (l.87)
[INFO]   Translate "Warmonger Talarii" (l.96)
[INFO]   Translate "Grand Warmonger Tar'gresh" (l.105)
[INFO] Convert Raidcore/Modules/DSLogicWing.lua
[INFO]   Translate "Hyper-Accelerated Skeledroid" (l.10)
[INFO]   Translate "Augmented Herald of Avatus" (l.10)
[INFO]   Translate "Abstract Augmentation Algorithm" (l.10)
[INFO]   Translate "Conjured Fire Bomb" (l.43)
[INFO]   Translate "Augmented Herald of Avatus" (l.57)
[INFO]   Translate "Cube Smash" (l.57)
[INFO]   Translate "Abstract Augmentation Algorithm" (l.59)
[INFO]   Translate "Data Deconstruction" (l.59)
[INFO]   Translate "The Abstract Augmentation Algorithm has amplified a Quantum Processing Unit" (l.67)
[WARN] (Raidcore/Modules/DSLogicWing.lua:67) No reference for 'The Abstract Augmentation Algorithm has amplified a Quantum Processing Unit' (see http://wildstar.datminer.com/search/The%20Abstract%20Augmentation%20Algorithm%20has%20amplified%20a%20Quantum%20Processing%20Unit)
[INFO]   Translate "Abstract Augmentation Algorithm" (l.93)
[INFO]   Translate "Quantum Processing Unit" (l.103)
[INFO]   Translate "Hyper-Accelerated Skeledroid" (l.107)
[INFO]   Translate "Augmented Herald of Avatus" (l.111)
[INFO] Convert Raidcore/Modules/EpLifeLogic.lua
[INFO]   Translate "Visceralus" (l.10)
[INFO]   Translate "Elemental Vortex Alpha" (l.11)
[WARN] (Raidcore/Modules/EpLifeLogic.lua:11) No reference for 'Elemental Vortex Alpha' (see http://wildstar.datminer.com/search/Elemental%20Vortex%20Alpha)
[INFO]   Translate "Elemental Vortex Beta" (l.11)
[WARN] (Raidcore/Modules/EpLifeLogic.lua:11) No reference for 'Elemental Vortex Beta' (see http://wildstar.datminer.com/search/Elemental%20Vortex%20Beta)
[INFO]   Translate "Elemental Vortex Delta" (l.11)
[WARN] (Raidcore/Modules/EpLifeLogic.lua:11) No reference for 'Elemental Vortex Delta' (see http://wildstar.datminer.com/search/Elemental%20Vortex%20Delta)
[INFO]   Translate "Snake Snack" (l.70)
[INFO]   Translate "Life Force Shackle" (l.78)
[INFO]   Translate "Thorns" (l.83)
[INFO]   Translate "Snake Snack" (l.94)
[INFO]   Translate "Life Force Shackle" (l.96)
[INFO]   Translate "Thorns" (l.98)
[INFO]   Translate "Essence of Life" (l.106)
[INFO]   Translate "Essence of Logic" (l.117)
[INFO]   Translate "Alphanumeric Hash" (l.119)
[INFO]   Translate "Life Force" (l.124)
[INFO]   Translate "Essence of Logic" (l.133)
[INFO]   Translate "Alphanumeric Hash" (l.136)
[INFO]   Translate "Life Force" (l.141)
[INFO]   Translate "Visceralus" (l.148)
[INFO]   Translate "Blinding Light" (l.148)
[INFO]   Translate "Mnemesis" (l.152)
[INFO]   Translate "Defragment" (l.152)
[INFO]   Translate "Visceralus" (l.166)
[INFO]   Translate "Mnemesis" (l.174)
[INFO] Convert Raidcore/Modules/FrostAvalanche.lua
[INFO]   Translate "Frost-Boulder Avalanche" (l.10)
[INFO]   Translate "Frost-Boulder Avalanche" (l.41)
[INFO]   Translate "Icicle Storm" (l.41)
[INFO]   Translate "Frost-Boulder Avalanche" (l.45)
[INFO]   Translate "Shatter" (l.45)
[INFO]   Translate "Frost-Boulder Avalanche" (l.48)
[INFO]   Translate "Cyclone" (l.48)
[INFO]   Translate "Frost-Boulder Avalanche" (l.59)
[INFO] Convert Raidcore/Modules/SystemDeamons.lua.BAK
[INFO]   Translate "Binary System Daemon" (l.10)
[INFO]   Translate "Null System Daemon" (l.10)
[INFO]   Translate "Null System Daemon" (l.64)
[INFO]   Translate "Binary System Daemon" (l.64)
[INFO]   Translate "Conduction Unit Mk. I" (l.73)
[INFO]   Translate "Infinite Generator Core" (l.75)
[WARN] (Raidcore/Modules/SystemDeamons.lua.BAK:75) No reference for 'Infinite Generator Core' (see http://wildstar.datminer.com/search/Infinite%20Generator%20Core)
[INFO]   Translate "Conduction Unit Mk. II" (l.76)
[INFO]   Translate "Infinite Generator Core" (l.78)
[WARN] (Raidcore/Modules/SystemDeamons.lua.BAK:78) No reference for 'Infinite Generator Core' (see http://wildstar.datminer.com/search/Infinite%20Generator%20Core)
[INFO]   Translate "Conduction Unit Mark III" (l.79)
[INFO]   Translate "Infinite Generator Core" (l.81)
[WARN] (Raidcore/Modules/SystemDeamons.lua.BAK:81) No reference for 'Infinite Generator Core' (see http://wildstar.datminer.com/search/Infinite%20Generator%20Core)
[INFO]   Translate "Enhancement Module" (l.82)
[INFO]   Translate "Enhancement Module" (l.93)
[INFO]   Translate "Binary System Daemon" (l.125)
[INFO]   Translate "Power Surge" (l.125)
[INFO]   Translate "Null System Daemon" (l.127)
[INFO]   Translate "Power Surge" (l.127)
[INFO]   Translate "Binary System Daemon" (l.134)
[INFO]   Translate "Power Surge" (l.134)
[INFO]   Translate "Null System Daemon" (l.139)
[INFO]   Translate "Power Surge" (l.139)
[INFO]   Translate "Purge" (l.144)
[INFO]   Translate "Defragmentation Unit" (l.148)
[INFO]   Translate "Black IC" (l.148)
[INFO]   Translate "INVALID SIGNAL. DISCONNECTING" (l.173)
[WARN] (Raidcore/Modules/SystemDeamons.lua.BAK:173) No reference for 'INVALID SIGNAL. DISCONNECTING' (see http://wildstar.datminer.com/search/INVALID%20SIGNAL.%20DISCONNECTING)
[INFO]   Translate "COMMENCING ENHANCEMENT SEQUENCE" (l.179)
[WARN] (Raidcore/Modules/SystemDeamons.lua.BAK:179) No reference for 'COMMENCING ENHANCEMENT SEQUENCE' (see http://wildstar.datminer.com/search/COMMENCING%20ENHANCEMENT%20SEQUENCE)
[INFO]   Translate "Null System Daemon" (l.228)
[INFO]   Translate "Binary System Daemon" (l.228)
[INFO]   Translate "Defragmentation Unit" (l.242)
[INFO]   Translate "Infinite Generator Core" (l.243)
[WARN] (Raidcore/Modules/SystemDeamons.lua.BAK:243) No reference for 'Infinite Generator Core' (see http://wildstar.datminer.com/search/Infinite%20Generator%20Core)
[INFO] Convert Raidcore/Modules/Ohmna.lua
[INFO]   Translate "Dreadphage Ohmna" (l.10)
[INFO]   Translate "Tentacle of Ohmna" (l.72)
[INFO]   Translate "Ravenous Maw of the Dreadphage" (l.77)
[INFO]   Translate "Dreadphage Ohmna" (l.80)
[INFO]   Translate "Dreadphage Ohmna" (l.97)
[INFO]   Translate "Erupt" (l.97)
[INFO]   Translate "Dreadphage Ohmna" (l.105)
[INFO]   Translate "Genetic Torrent" (l.105)
[INFO]   Translate "A plasma leech begins draining" (l.140)
[WARN] (Raidcore/Modules/Ohmna.lua:140) No reference for 'A plasma leech begins draining' (see http://wildstar.datminer.com/search/A%20plasma%20leech%20begins%20draining)
[INFO]   Translate "Dreadphage Ohmna submerges" (l.150)
[WARN] (Raidcore/Modules/Ohmna.lua:150) No reference for 'Dreadphage Ohmna submerges' (see http://wildstar.datminer.com/search/Dreadphage%20Ohmna%20submerges)
[INFO]   Translate "Dreadphage Ohmna is bored" (l.155)
[WARN] (Raidcore/Modules/Ohmna.lua:155) No reference for 'Dreadphage Ohmna is bored' (see http://wildstar.datminer.com/search/Dreadphage%20Ohmna%20is%20bored)
[INFO]   Translate "The Archives tremble as Dreadphage Ohmna" (l.160)
[WARN] (Raidcore/Modules/Ohmna.lua:160) No reference for 'The Archives tremble as Dreadphage Ohmna' (see http://wildstar.datminer.com/search/The%20Archives%20tremble%20as%20Dreadphage%20Ohmna)
[INFO]   Translate "The Archives quake with the furious might" (l.162)
[WARN] (Raidcore/Modules/Ohmna.lua:162) No reference for 'The Archives quake with the furious might' (see http://wildstar.datminer.com/search/The%20Archives%20quake%20with%20the%20furious%20might)
[INFO]   Translate "Dreadphage Ohmna" (l.177)
[INFO] Convert Raidcore/Modules/PhageCouncil.lua
[INFO]   Translate "Golgox the Lifecrusher" (l.10)
[INFO]   Translate "Terax Blightweaver" (l.10)
[INFO]   Translate "Ersoth Curseform" (l.10)
[INFO]   Translate "Noxmind the Insidious" (l.10)
[INFO]   Translate "Fleshmonger Vratorg" (l.10)
[INFO]   Translate "Augmentation Core" (l.11)
[WARN] (Raidcore/Modules/PhageCouncil.lua:11) No reference for 'Augmentation Core' (see http://wildstar.datminer.com/search/Augmentation%20Core)
[INFO]   Translate "Augmentation Core" (l.12)
[WARN] (Raidcore/Modules/PhageCouncil.lua:12) No reference for 'Augmentation Core' (see http://wildstar.datminer.com/search/Augmentation%20Core)
[INFO]   Translate "Golgox the Lifecrusher" (l.39)
[INFO]   Translate "Teleport" (l.39)
[INFO]   Translate "Terax Blightweaver" (l.42)
[INFO]   Translate "Teleport" (l.42)
[INFO]   Translate "Ersoth Curseform" (l.45)
[INFO]   Translate "Teleport" (l.45)
[INFO]   Translate "Noxmind the Insidious" (l.48)
[INFO]   Translate "Teleport" (l.48)
[INFO]   Translate "Fleshmonger Vratorg" (l.51)
[INFO]   Translate "Teleport" (l.51)
[INFO]   Translate "Channeling Energy" (l.58)
[INFO]   Translate "The Phageborn Convergence begins gathering its power" (l.66)
[WARN] (Raidcore/Modules/PhageCouncil.lua:66) No reference for 'The Phageborn Convergence begins gathering its power' (see http://wildstar.datminer.com/search/The%20Phageborn%20Convergence%20begins%20gathering%20its%20power)
[INFO] Convert Raidcore/Modules/BossPrototype.lua
[INFO] Convert Raidcore/Modules/DSFrostWing.lua
[INFO]   Translate "Frost-Boulder Avalanche" (l.10)
[INFO]   Translate "Frostbringer Warlock" (l.10)
[INFO]   Translate "Frost-Boulder Avalanche" (l.43)
[INFO]   Translate "Icicle Storm" (l.43)
[INFO]   Translate "Frost-Boulder Avalanche" (l.48)
[INFO]   Translate "Shatter" (l.48)
[INFO]   Translate "Frost-Boulder Avalanche" (l.51)
[INFO]   Translate "Cyclone" (l.51)
[INFO]   Translate "Frost-Boulder Avalanche" (l.70)
[INFO]   Translate "Frostbringer Warlock" (l.78)
[INFO] Convert Raidcore/Modules/EpLifeFire.lua
[INFO]   Translate "Pyrobane" (l.11)
[INFO]   Translate "Elemental Vortex Alpha" (l.12)
[WARN] (Raidcore/Modules/EpLifeFire.lua:12) No reference for 'Elemental Vortex Alpha' (see http://wildstar.datminer.com/search/Elemental%20Vortex%20Alpha)
[INFO]   Translate "Elemental Vortex Beta" (l.12)
[WARN] (Raidcore/Modules/EpLifeFire.lua:12) No reference for 'Elemental Vortex Beta' (see http://wildstar.datminer.com/search/Elemental%20Vortex%20Beta)
[INFO]   Translate "Elemental Vortex Delta" (l.12)
[WARN] (Raidcore/Modules/EpLifeFire.lua:12) No reference for 'Elemental Vortex Delta' (see http://wildstar.datminer.com/search/Elemental%20Vortex%20Delta)
[INFO]   Translate "Life Force" (l.118)
[INFO]   Translate "Essence of Life" (l.120)
[INFO]   Translate "Life Force" (l.131)
[INFO]   Translate "Visceralus" (l.138)
[INFO]   Translate "Blinding Light" (l.138)
[INFO]   Translate "Visceralus" (l.151)
[INFO]   Translate "Pyrobane" (l.154)
[INFO] Convert Raidcore/Modules/EpFrostFire.lua
[INFO]   Translate "Pyrobane" (l.11)
[INFO]   Translate "Elemental Vortex Alpha" (l.12)
[WARN] (Raidcore/Modules/EpFrostFire.lua:12) No reference for 'Elemental Vortex Alpha' (see http://wildstar.datminer.com/search/Elemental%20Vortex%20Alpha)
[INFO]   Translate "Elemental Vortex Beta" (l.12)
[WARN] (Raidcore/Modules/EpFrostFire.lua:12) No reference for 'Elemental Vortex Beta' (see http://wildstar.datminer.com/search/Elemental%20Vortex%20Beta)
[INFO]   Translate "Elemental Vortex Delta" (l.12)
[WARN] (Raidcore/Modules/EpFrostFire.lua:12) No reference for 'Elemental Vortex Delta' (see http://wildstar.datminer.com/search/Elemental%20Vortex%20Delta)
[INFO]   Translate "fire" (l.78)
[WARN] (Raidcore/Modules/EpFrostFire.lua:78) No reference for 'fire' (see http://wildstar.datminer.com/search/fire)
[INFO]   Translate "frost" (l.81)
[WARN] (Raidcore/Modules/EpFrostFire.lua:81) No reference for 'frost' (see http://wildstar.datminer.com/search/frost)
[INFO]   Translate "fire" (l.88)
[WARN] (Raidcore/Modules/EpFrostFire.lua:88) No reference for 'fire' (see http://wildstar.datminer.com/search/fire)
[INFO]   Translate "frost" (l.95)
[WARN] (Raidcore/Modules/EpFrostFire.lua:95) No reference for 'frost' (see http://wildstar.datminer.com/search/frost)
[INFO]   Translate "Ice Tomb" (l.165)
[INFO]   Translate "Flame Wave" (l.173)
[INFO]   Translate "Flame Wave" (l.183)
[INFO]   Translate "Burning mortals... such sweet agony" (l.201)
[WARN] (Raidcore/Modules/EpFrostFire.lua:201) No reference for 'Burning mortals... such sweet agony' (see http://wildstar.datminer.com/search/Burning%20mortals...%20such%20sweet%20agony)
[INFO]   Translate "Hydroflux" (l.214)
[INFO]   Translate "Pyrobane" (l.221)
