[INFO] Convert Raidcore/Modules/Avatus.lua
[INFO]   Translate "Avatus" (l.6)
[INFO]   Translate "The Oculus" (l.7)
[WARN] (Raidcore/Modules/Avatus.lua:7) No reference for 'The Oculus' (see http://wildstar.datminer.com/search/The%20Oculus)
[INFO]   Translate "Avatus" (l.170)
[INFO]   Translate "Holo Hand" (l.174)
[INFO]   Translate "Mobius Physics Constructor" (l.185)
[INFO]   Translate "Unstoppable Object Simulation" (l.194)
[INFO]   Translate "Holo Cannon" (l.196)
[INFO]   Translate "Shock Sphere" (l.198)
[INFO]   Translate "Support Cannon" (l.200)
[INFO]   Translate "Infinite Logic Loop" (l.205)
[INFO]   Translate "Holo Hand" (l.217)
[INFO]   Translate "Holo Cannon" (l.226)
[INFO]   Translate "Avatus" (l.228)
[INFO]   Translate "Shock Sphere" (l.230)
[INFO]   Translate "Infinite Logic Loop" (l.232)
[INFO]   Translate "Mobius Physics Constructor" (l.234)
[INFO]   Translate "Green Reconstitution Matrix" (l.256)
[INFO]   Translate "Blue Disruption Matrix" (l.266)
[INFO]   Translate "Red Empowerment Matrix" (l.276)
[INFO]   Translate "Avatus" (l.305)
[INFO]   Translate "Obliteration Beam" (l.305)
[INFO]   Translate "Holo Hand" (l.312)
[INFO]   Translate "Crushing Blow" (l.312)
[INFO]   Translate "Mobius Physics Constructor" (l.328)
[INFO]   Translate "Data Flare" (l.328)
[INFO]   Translate "Gun Grid Activated" (l.339)
[WARN] (Raidcore/Modules/Avatus.lua:339) No reference for 'Gun Grid Activated' (see http://wildstar.datminer.com/search/Gun%20Grid%20Activated)
[INFO]   Translate "Portals have opened!" (l.348)
[WARN] (Raidcore/Modules/Avatus.lua:348) No reference for 'Portals have opened!' (see http://wildstar.datminer.com/search/Portals%20have%20opened!)
[INFO]   Translate "red" (l.362)
[WARN] (Raidcore/Modules/Avatus.lua:362) No reference for 'red' (see http://wildstar.datminer.com/search/red)
[INFO]   Translate "green" (l.365)
[WARN] (Raidcore/Modules/Avatus.lua:365) No reference for 'green' (see http://wildstar.datminer.com/search/green)
[INFO]   Translate "blue" (l.368)
[WARN] (Raidcore/Modules/Avatus.lua:368) No reference for 'blue' (see http://wildstar.datminer.com/search/blue)
[INFO]   Translate "Infinite Logic Loop" (l.414)
