[INFO] Convert Raidcore/Modules/EpAirLife.lua
[INFO]   Translate "Visceralus" (l.11)
[INFO]   Translate "Elemental Vortex Alpha" (l.12)
[WARN] (Raidcore/Modules/EpAirLife.lua:12) No reference for 'Elemental Vortex Alpha' (see http://wildstar.datminer.com/search/Elemental%20Vortex%20Alpha)
[INFO]   Translate "Elemental Vortex Beta" (l.12)
[WARN] (Raidcore/Modules/EpAirLife.lua:12) No reference for 'Elemental Vortex Beta' (see http://wildstar.datminer.com/search/Elemental%20Vortex%20Beta)
[INFO]   Translate "Elemental Vortex Delta" (l.12)
[WARN] (Raidcore/Modules/EpAirLife.lua:12) No reference for 'Elemental Vortex Delta' (see http://wildstar.datminer.com/search/Elemental%20Vortex%20Delta)
[INFO]   Translate "Life Force" (l.100)
[INFO]   Translate "Lifekeeper" (l.103)
[INFO]   Translate "Life Force" (l.120)
[INFO]   Translate "Lifekeeper" (l.122)
[INFO]   Translate "Life Force Shackle" (l.142)
[INFO]   Translate "Lightning Strike" (l.147)
[INFO]   Translate "Recently Saved" (l.152)
[INFO]   Translate "Life Force Shackle" (l.161)
[INFO]   Translate "Lightning Strike" (l.163)
[INFO]   Translate "Visceralus" (l.170)
[INFO]   Translate "Blinding Light" (l.170)
[INFO]   Translate "Aileron" (l.206)
[INFO]   Translate "Visceralus" (l.209)
