[INFO] Convert Raidcore/Modules/EpEarthLogic.lua
[INFO]   Translate "Mnemesis" (l.11)
[INFO]   Translate "Elemental Vortex Alpha" (l.12)
[WARN] (Raidcore/Modules/EpEarthLogic.lua:12) No reference for 'Elemental Vortex Alpha' (see http://wildstar.datminer.com/search/Elemental%20Vortex%20Alpha)
[INFO]   Translate "Elemental Vortex Beta" (l.12)
[WARN] (Raidcore/Modules/EpEarthLogic.lua:12) No reference for 'Elemental Vortex Beta' (see http://wildstar.datminer.com/search/Elemental%20Vortex%20Beta)
[INFO]   Translate "Elemental Vortex Delta" (l.12)
[WARN] (Raidcore/Modules/EpEarthLogic.lua:12) No reference for 'Elemental Vortex Delta' (see http://wildstar.datminer.com/search/Elemental%20Vortex%20Delta)
[INFO]   Translate "Obsidian Outcropping" (l.56)
[WARN] (Raidcore/Modules/EpEarthLogic.lua:56) No reference for 'Obsidian Outcropping' (see http://wildstar.datminer.com/search/Obsidian%20Outcropping)
[INFO]   Translate "Obsidian Outcropping" (l.65)
[WARN] (Raidcore/Modules/EpEarthLogic.lua:65) No reference for 'Obsidian Outcropping' (see http://wildstar.datminer.com/search/Obsidian%20Outcropping)
[INFO]   Translate "Mnemesis" (l.72)
[INFO]   Translate "Defragment" (l.72)
[INFO]   Translate "The ground shudders beneath Megalith" (l.85)
[WARN] (Raidcore/Modules/EpEarthLogic.lua:85) No reference for 'The ground shudders beneath Megalith' (see http://wildstar.datminer.com/search/The%20ground%20shudders%20beneath%20Megalith)
[INFO]   Translate "Logic creates powerful data caches" (l.87)
[WARN] (Raidcore/Modules/EpEarthLogic.lua:87) No reference for 'Logic creates powerful data caches' (see http://wildstar.datminer.com/search/Logic%20creates%20powerful%20data%20caches)
[INFO]   Translate "Megalith" (l.111)
[INFO]   Translate "Mnemesis" (l.113)
[INFO]   Translate "Crystalline Matrix" (l.125)
[INFO]   Translate "Mnemesis" (l.133)
