[INFO] Convert Raidcore/Modules/EpFrostLogic.lua
[INFO]   Translate "Mnemesis" (l.10)
[INFO]   Translate "Elemental Vortex Alpha" (l.11)
[WARN] (Raidcore/Modules/EpFrostLogic.lua:11) No reference for 'Elemental Vortex Alpha' (see http://wildstar.datminer.com/search/Elemental%20Vortex%20Alpha)
[INFO]   Translate "Elemental Vortex Beta" (l.11)
[WARN] (Raidcore/Modules/EpFrostLogic.lua:11) No reference for 'Elemental Vortex Beta' (see http://wildstar.datminer.com/search/Elemental%20Vortex%20Beta)
[INFO]   Translate "Elemental Vortex Delta" (l.11)
[WARN] (Raidcore/Modules/EpFrostLogic.lua:11) No reference for 'Elemental Vortex Delta' (see http://wildstar.datminer.com/search/Elemental%20Vortex%20Delta)
[INFO]   Translate "Mnemesis" (l.57)
[INFO]   Translate "Circuit Breaker" (l.57)
[INFO]   Translate "Mnemesis" (l.64)
[INFO]   Translate "Imprison" (l.64)
[INFO]   Translate "Mnemesis" (l.67)
[INFO]   Translate "Defragment" (l.67)
[INFO]   Translate "Mnemesis" (l.75)
[INFO]   Translate "Circuit Breaker" (l.75)
[INFO]   Translate "Data Disruptor" (l.82)
[INFO]   Translate "Data Disruptor" (l.94)
[INFO]   Translate "Alphanumeric Hash" (l.106)
[INFO]   Translate "Alphanumeric Hash" (l.125)
[INFO]   Translate "Hydro Disrupter - DNT" (l.130)
[WARN] (Raidcore/Modules/EpFrostLogic.lua:130) No reference for 'Hydro Disrupter - DNT' (see http://wildstar.datminer.com/search/Hydro%20Disrupter%20-%20DNT)
[INFO]   Translate "Hydroflux" (l.143)
[INFO]   Translate "Mnemesis" (l.146)
