[INFO] Convert Raidcore/Modules/MaelstromAuthority.lua
[INFO]   Translate "Weather Control Station" (l.10)
[WARN] (Raidcore/Modules/MaelstromAuthority.lua:10) No reference for 'Weather Control Station' (see http://wildstar.datminer.com/search/Weather%20Control%20Station)
[INFO]   Translate "Avatus Hologram" (l.43)
[WARN] (Raidcore/Modules/MaelstromAuthority.lua:43) No reference for 'Avatus Hologram' (see http://wildstar.datminer.com/search/Avatus%20Hologram)
[INFO]   Translate "Wind Wall" (l.47)
[INFO]   Translate "Weather Station" (l.52)
[INFO]   Translate "Wind Wall" (l.67)
[INFO]   Translate "Weather Station" (l.72)
[INFO]   Translate "Maelstrom Authority" (l.79)
[INFO]   Translate "Activate Weather Cycle" (l.79)
[INFO]   Translate "Maelstrom Authority" (l.85)
[INFO]   Translate "Ice Breath" (l.85)
[INFO]   Translate "Maelstrom Authority" (l.87)
[INFO]   Translate "Crystallize" (l.87)
[INFO]   Translate "Maelstrom Authority" (l.89)
[INFO]   Translate "Typhoon" (l.89)
[INFO]   Translate "The platform trembles" (l.96)
[WARN] (Raidcore/Modules/MaelstromAuthority.lua:96) No reference for 'The platform trembles' (see http://wildstar.datminer.com/search/The%20platform%20trembles)
[INFO]   Translate "Maelstrom Authority" (l.106)
[INFO]   Translate "Weather Station" (l.112)
