[INFO] Convert Raidcore/Modules/Prototypes.lua
[INFO]   Translate "Phagetech Commander" (l.10)
[INFO]   Translate "Phagetech Augmentor" (l.10)
[INFO]   Translate "Phagetech Protector" (l.10)
[INFO]   Translate "Phagetech Fabricator" (l.10)
[INFO]   Translate "Phagetech Uplink Hub" (l.11)
[WARN] (Raidcore/Modules/Prototypes.lua:11) No reference for 'Phagetech Uplink Hub' (see http://wildstar.datminer.com/search/Phagetech%20Uplink%20Hub)
[INFO]   Translate "Phagetech Uplink Hub" (l.12)
[WARN] (Raidcore/Modules/Prototypes.lua:12) No reference for 'Phagetech Uplink Hub' (see http://wildstar.datminer.com/search/Phagetech%20Uplink%20Hub)
[INFO]   Translate "Phagetech Augmentor" (l.40)
[INFO]   Translate "Summon Repairbot" (l.40)
[INFO]   Translate "Phagetech Fabricator" (l.42)
[INFO]   Translate "Summon Destructobot" (l.42)
[INFO]   Translate "Phagetech Commander is now active!" (l.48)
[WARN] (Raidcore/Modules/Prototypes.lua:48) No reference for 'Phagetech Commander is now active!' (see http://wildstar.datminer.com/search/Phagetech%20Commander%20is%20now%20active!)
[INFO]   Translate "Phagetech Augmentor is now active!" (l.54)
[WARN] (Raidcore/Modules/Prototypes.lua:54) No reference for 'Phagetech Augmentor is now active!' (see http://wildstar.datminer.com/search/Phagetech%20Augmentor%20is%20now%20active!)
[INFO]   Translate "Phagetech Protector is now active!" (l.56)
[WARN] (Raidcore/Modules/Prototypes.lua:56) No reference for 'Phagetech Protector is now active!' (see http://wildstar.datminer.com/search/Phagetech%20Protector%20is%20now%20active!)
[INFO]   Translate "Phagetech Fabricator is now active!" (l.59)
[WARN] (Raidcore/Modules/Prototypes.lua:59) No reference for 'Phagetech Fabricator is now active!' (see http://wildstar.datminer.com/search/Phagetech%20Fabricator%20is%20now%20active!)
[INFO]   Translate "Phagetech Commander" (l.71)
[INFO]   Translate "Phagetech Augmentor" (l.73)
[INFO]   Translate "Phagetech Fabricator" (l.73)
