[INFO] Convert Raidcore/Modules/SystemDeamons.lua
[INFO]   Translate "Binary System Daemon" (l.11)
[INFO]   Translate "Null System Daemon" (l.11)
[INFO]   Translate "Halls of the Infinite Mind" (l.12)
[WARN] (Raidcore/Modules/SystemDeamons.lua:12) No reference for 'Halls of the Infinite Mind' (see http://wildstar.datminer.com/search/Halls%20of%20the%20Infinite%20Mind)
[INFO]   Translate "Infinite Generator Core" (l.12)
[WARN] (Raidcore/Modules/SystemDeamons.lua:12) No reference for 'Infinite Generator Core' (see http://wildstar.datminer.com/search/Infinite%20Generator%20Core)
[INFO]   Translate "Lower Infinite Generator Core" (l.12)
[WARN] (Raidcore/Modules/SystemDeamons.lua:12) No reference for 'Lower Infinite Generator Core' (see http://wildstar.datminer.com/search/Lower%20Infinite%20Generator%20Core)
[INFO]   Translate "Halls of the Infinite Mind" (l.13)
[WARN] (Raidcore/Modules/SystemDeamons.lua:13) No reference for 'Halls of the Infinite Mind' (see http://wildstar.datminer.com/search/Halls%20of%20the%20Infinite%20Mind)
[INFO]   Translate "Infinite Generator Core" (l.13)
[WARN] (Raidcore/Modules/SystemDeamons.lua:13) No reference for 'Infinite Generator Core' (see http://wildstar.datminer.com/search/Infinite%20Generator%20Core)
[INFO]   Translate "Lower Infinite Generator Core" (l.13)
[WARN] (Raidcore/Modules/SystemDeamons.lua:13) No reference for 'Lower Infinite Generator Core' (see http://wildstar.datminer.com/search/Lower%20Infinite%20Generator%20Core)
[INFO]   Translate "Null System Daemon" (l.95)
[INFO]   Translate "Binary System Daemon" (l.95)
[INFO]   Translate "Conduction Unit Mk. I" (l.104)
[INFO]   Translate "Infinite Generator Core" (l.106)
[WARN] (Raidcore/Modules/SystemDeamons.lua:106) No reference for 'Infinite Generator Core' (see http://wildstar.datminer.com/search/Infinite%20Generator%20Core)
[INFO]   Translate "Conduction Unit Mk. II" (l.108)
[INFO]   Translate "Infinite Generator Core" (l.110)
[WARN] (Raidcore/Modules/SystemDeamons.lua:110) No reference for 'Infinite Generator Core' (see http://wildstar.datminer.com/search/Infinite%20Generator%20Core)
[INFO]   Translate "Conduction Unit Mark III" (l.112)
[INFO]   Translate "Infinite Generator Core" (l.114)
[WARN] (Raidcore/Modules/SystemDeamons.lua:114) No reference for 'Infinite Generator Core' (see http://wildstar.datminer.com/search/Infinite%20Generator%20Core)
[INFO]   Translate "Enhancement Module" (l.115)
[INFO]   Translate "Recovery Protocol" (l.121)
[INFO]   Translate "Enhancement Module" (l.128)
[INFO]   Translate "Recovery Protocol" (l.160)
[INFO]   Translate "Repair Sequence" (l.160)
[INFO]   Translate "Binary System Daemon" (l.167)
[INFO]   Translate "Power Surge" (l.167)
[INFO]   Translate "Null System Daemon" (l.172)
[INFO]   Translate "Power Surge" (l.172)
[INFO]   Translate "Purge" (l.177)
[INFO]   Translate "Defragmentation Unit" (l.185)
[INFO]   Translate "Black IC" (l.185)
[INFO]   Translate "Recovery Protocol" (l.188)
[INFO]   Translate "Repair Sequence" (l.188)
[INFO]   Translate "Overload" (l.206)
[INFO]   Translate "Purge" (l.208)
[INFO]   Translate "Overload" (l.220)
[INFO]   Translate "Purge" (l.222)
[INFO]   Translate "Datascape" (l.228)
[INFO]   Translate "Halls of the Infinite Mind" (l.230)
[WARN] (Raidcore/Modules/SystemDeamons.lua:230) No reference for 'Halls of the Infinite Mind' (see http://wildstar.datminer.com/search/Halls%20of%20the%20Infinite%20Mind)
[INFO]   Translate "Infinite Generator Core" (l.240)
[WARN] (Raidcore/Modules/SystemDeamons.lua:240) No reference for 'Infinite Generator Core' (see http://wildstar.datminer.com/search/Infinite%20Generator%20Core)
[INFO]   Translate "INVALID SIGNAL. DISCONNECTING" (l.267)
[WARN] (Raidcore/Modules/SystemDeamons.lua:267) No reference for 'INVALID SIGNAL. DISCONNECTING' (see http://wildstar.datminer.com/search/INVALID%20SIGNAL.%20DISCONNECTING)
[INFO]   Translate "COMMENCING ENHANCEMENT SEQUENCE" (l.277)
[WARN] (Raidcore/Modules/SystemDeamons.lua:277) No reference for 'COMMENCING ENHANCEMENT SEQUENCE' (see http://wildstar.datminer.com/search/COMMENCING%20ENHANCEMENT%20SEQUENCE)
[INFO]   Translate "Null System Daemon" (l.343)
[INFO]   Translate "Binary System Daemon" (l.343)
[INFO]   Translate "Defragmentation Unit" (l.361)
[INFO]   Translate "Infinite Generator Core" (l.362)
[WARN] (Raidcore/Modules/SystemDeamons.lua:362) No reference for 'Infinite Generator Core' (see http://wildstar.datminer.com/search/Infinite%20Generator%20Core)
