[INFO] Convert /src/Raidcore/Modules/PhageCouncil.lua
[INFO]   Translate "Module %s loaded" (l.22)
[WARN] (/src/Raidcore/Modules/PhageCouncil.lua:42) No reference for 'Module %s loaded' (see http://wildstar.datminer.com/search/Module%20%25s%20loaded)
[INFO]   Translate "Golgox the Lifecrusher" (l.23)
[INFO]   Translate "Terax Blightweaver" (l.24)
[INFO]   Translate "Ersoth Curseform" (l.25)
[INFO]   Translate "Noxmind the Insidious" (l.26)
[INFO]   Translate "Fleshmonger Vratorg" (l.27)
[INFO]   Translate "Teleport" (l.28)
[INFO]   Translate "P2 : 20 IA" (l.29)
[WARN] (/src/Raidcore/Modules/PhageCouncil.lua:42) No reference for 'P2 : 20 IA' (see http://wildstar.datminer.com/search/P2%20:%2020%20IA)
[INFO]   Translate "P2 : 20 IA" (l.30)
[WARN] (/src/Raidcore/Modules/PhageCouncil.lua:42) No reference for 'P2 : 20 IA' (see http://wildstar.datminer.com/search/P2%20:%2020%20IA)
[INFO]   Translate "P2 : MINI ADDS" (l.31)
[WARN] (/src/Raidcore/Modules/PhageCouncil.lua:42) No reference for 'P2 : MINI ADDS' (see http://wildstar.datminer.com/search/P2%20:%20MINI%20ADDS)
[INFO]   Translate "P2 : MINI ADDS" (l.32)
[WARN] (/src/Raidcore/Modules/PhageCouncil.lua:42) No reference for 'P2 : MINI ADDS' (see http://wildstar.datminer.com/search/P2%20:%20MINI%20ADDS)
[INFO]   Translate "P2 : SUBDUE" (l.33)
[WARN] (/src/Raidcore/Modules/PhageCouncil.lua:42) No reference for 'P2 : SUBDUE' (see http://wildstar.datminer.com/search/P2%20:%20SUBDUE)
[INFO]   Translate "P2 : SUBDUE" (l.34)
[WARN] (/src/Raidcore/Modules/PhageCouncil.lua:42) No reference for 'P2 : SUBDUE' (see http://wildstar.datminer.com/search/P2%20:%20SUBDUE)
[INFO]   Translate "P2 : PILIERS" (l.35)
[WARN] (/src/Raidcore/Modules/PhageCouncil.lua:42) No reference for 'P2 : PILIERS' (see http://wildstar.datminer.com/search/P2%20:%20PILIERS)
[INFO]   Translate "P2 : PILIERS" (l.36)
[WARN] (/src/Raidcore/Modules/PhageCouncil.lua:42) No reference for 'P2 : PILIERS' (see http://wildstar.datminer.com/search/P2%20:%20PILIERS)
[INFO]   Translate "P2 : SHIELD" (l.37)
[WARN] (/src/Raidcore/Modules/PhageCouncil.lua:42) No reference for 'P2 : SHIELD' (see http://wildstar.datminer.com/search/P2%20:%20SHIELD)
[INFO]   Translate "P2 : SHIELD" (l.38)
[WARN] (/src/Raidcore/Modules/PhageCouncil.lua:42) No reference for 'P2 : SHIELD' (see http://wildstar.datminer.com/search/P2%20:%20SHIELD)
[INFO]   Translate "Channeling Energy" (l.39)
[INFO]   Translate "[%s] NEXT P2" (l.40)
[WARN] (/src/Raidcore/Modules/PhageCouncil.lua:42) No reference for '[%s] NEXT P2' (see http://wildstar.datminer.com/search/[%25s]%20NEXT%20P2)
[INFO]   Translate "The Phageborn Convergence begins gathering its power" (l.41)
[WARN] (/src/Raidcore/Modules/PhageCouncil.lua:42) No reference for 'The Phageborn Convergence begins gathering its power' (see http://wildstar.datminer.com/search/The%20Phageborn%20Convergence%20begins%20gathering%20its%20power)
[INFO] Convert /src/Raidcore/Modules/SystemDeamons.lua.BAK
[INFO] Convert /src/Raidcore/Modules/DSLogicWing.lua
[INFO] Convert /src/Raidcore/Modules/Ohmna.lua
[INFO]   Translate "Module %s loaded" (l.52)
[WARN] (/src/Raidcore/Modules/Ohmna.lua:84) No reference for 'Module %s loaded' (see http://wildstar.datminer.com/search/Module%20%25s%20loaded)
[INFO]   Translate "Dreadphage Ohmna" (l.53)
[INFO]   Translate "Tentacle of Ohmna" (l.54)
[INFO]   Translate "Ravenous Maw of the Dreadphage" (l.55)
[INFO]   Translate "Tentacles" (l.56)
[INFO]   Translate "Next Tentacles" (l.57)
[WARN] (/src/Raidcore/Modules/Ohmna.lua:84) No reference for 'Next Tentacles' (see http://wildstar.datminer.com/search/Next%20Tentacles)
[INFO]   Translate "P2 SOON !" (l.58)
[WARN] (/src/Raidcore/Modules/Ohmna.lua:84) No reference for 'P2 SOON !' (see http://wildstar.datminer.com/search/P2%20SOON%20!)
[INFO]   Translate "P3 SOON !" (l.59)
[WARN] (/src/Raidcore/Modules/Ohmna.lua:84) No reference for 'P3 SOON !' (see http://wildstar.datminer.com/search/P3%20SOON%20!)
[INFO]   Translate "P3 REALLY SOON !" (l.60)
[WARN] (/src/Raidcore/Modules/Ohmna.lua:84) No reference for 'P3 REALLY SOON !' (see http://wildstar.datminer.com/search/P3%20REALLY%20SOON%20!)
[INFO]   Translate "Erupt" (l.61)
[INFO]   Translate "PILIER %s : %s" (l.62)
[WARN] (/src/Raidcore/Modules/Ohmna.lua:84) No reference for 'PILIER %s : %s' (see http://wildstar.datminer.com/search/PILIER%20%25s%20:%20%25s)
[INFO]   Translate "PILAR %s" (l.63)
[WARN] (/src/Raidcore/Modules/Ohmna.lua:84) No reference for 'PILAR %s' (see http://wildstar.datminer.com/search/PILAR%20%25s)
[INFO]   Translate "SWITCH TANK" (l.64)
[WARN] (/src/Raidcore/Modules/Ohmna.lua:84) No reference for 'SWITCH TANK' (see http://wildstar.datminer.com/search/SWITCH%20TANK)
[INFO]   Translate "Genetic Torrent" (l.65)
[INFO]   Translate "BIG SPEW" (l.66)
[WARN] (/src/Raidcore/Modules/Ohmna.lua:84) No reference for 'BIG SPEW' (see http://wildstar.datminer.com/search/BIG%20SPEW)
[INFO]   Translate "NEXT BIG SPEW" (l.67)
[WARN] (/src/Raidcore/Modules/Ohmna.lua:84) No reference for 'NEXT BIG SPEW' (see http://wildstar.datminer.com/search/NEXT%20BIG%20SPEW)
[INFO]   Translate "North Power Core Energy" (l.68)
[WARN] (/src/Raidcore/Modules/Ohmna.lua:84) No reference for 'North Power Core Energy' (see http://wildstar.datminer.com/search/North%20Power%20Core%20Energy)
[INFO]   Translate "NORTH" (l.69)
[WARN] (/src/Raidcore/Modules/Ohmna.lua:84) No reference for 'NORTH' (see http://wildstar.datminer.com/search/NORTH)
[INFO]   Translate "South Power Core Energy" (l.70)
[WARN] (/src/Raidcore/Modules/Ohmna.lua:84) No reference for 'South Power Core Energy' (see http://wildstar.datminer.com/search/South%20Power%20Core%20Energy)
[INFO]   Translate "SOUTH" (l.71)
[WARN] (/src/Raidcore/Modules/Ohmna.lua:84) No reference for 'SOUTH' (see http://wildstar.datminer.com/search/SOUTH)
[INFO]   Translate "East Power Core Energy" (l.72)
[WARN] (/src/Raidcore/Modules/Ohmna.lua:84) No reference for 'East Power Core Energy' (see http://wildstar.datminer.com/search/East%20Power%20Core%20Energy)
[INFO]   Translate "EAST" (l.73)
[WARN] (/src/Raidcore/Modules/Ohmna.lua:84) No reference for 'EAST' (see http://wildstar.datminer.com/search/EAST)
[INFO]   Translate "West Power Core Energy" (l.74)
[WARN] (/src/Raidcore/Modules/Ohmna.lua:84) No reference for 'West Power Core Energy' (see http://wildstar.datminer.com/search/West%20Power%20Core%20Energy)
[INFO]   Translate "WEST" (l.75)
[WARN] (/src/Raidcore/Modules/Ohmna.lua:84) No reference for 'WEST' (see http://wildstar.datminer.com/search/WEST)
[INFO]   Translate "A plasma leech begins draining" (l.76)
[WARN] (/src/Raidcore/Modules/Ohmna.lua:84) No reference for 'A plasma leech begins draining' (see http://wildstar.datminer.com/search/A%20plasma%20leech%20begins%20draining)
[INFO]   Translate "PHASE 2" (l.77)
[WARN] (/src/Raidcore/Modules/Ohmna.lua:84) No reference for 'PHASE 2' (see http://wildstar.datminer.com/search/PHASE%202)
[INFO]   Translate "Dreadphage Ohmna submerges" (l.78)
[WARN] (/src/Raidcore/Modules/Ohmna.lua:84) No reference for 'Dreadphage Ohmna submerges' (see http://wildstar.datminer.com/search/Dreadphage%20Ohmna%20submerges)
[INFO]   Translate "Dreadphage Ohmna is bored" (l.79)
[WARN] (/src/Raidcore/Modules/Ohmna.lua:84) No reference for 'Dreadphage Ohmna is bored' (see http://wildstar.datminer.com/search/Dreadphage%20Ohmna%20is%20bored)
[INFO]   Translate "The Archives tremble as Dreadphage Ohmna" (l.80)
[WARN] (/src/Raidcore/Modules/Ohmna.lua:84) No reference for 'The Archives tremble as Dreadphage Ohmna' (see http://wildstar.datminer.com/search/The%20Archives%20tremble%20as%20Dreadphage%20Ohmna)
[INFO]   Translate "P2 : TENTACLES" (l.81)
[WARN] (/src/Raidcore/Modules/Ohmna.lua:84) No reference for 'P2 : TENTACLES' (see http://wildstar.datminer.com/search/P2%20:%20TENTACLES)
[INFO]   Translate "The Archives quake with the furious might" (l.82)
[WARN] (/src/Raidcore/Modules/Ohmna.lua:84) No reference for 'The Archives quake with the furious might' (see http://wildstar.datminer.com/search/The%20Archives%20quake%20with%20the%20furious%20might)
[INFO]   Translate "P3 : RAVENOUS" (l.83)
[WARN] (/src/Raidcore/Modules/Ohmna.lua:84) No reference for 'P3 : RAVENOUS' (see http://wildstar.datminer.com/search/P3%20:%20RAVENOUS)
[INFO] Convert /src/Raidcore/Modules/EpLifeLogic.lua
[INFO] Convert /src/Raidcore/Modules/Gloomclaw.lua
[INFO] Convert /src/Raidcore/Modules/VolatilyLattice.lua
[INFO] Convert /src/Raidcore/Modules/Test.lua
[INFO] Convert /src/Raidcore/Modules/Phagemaw.lua
[INFO]   Translate "Module %s loaded" (l.21)
[WARN] (/src/Raidcore/Modules/Phagemaw.lua:30) No reference for 'Module %s loaded' (see http://wildstar.datminer.com/search/Module%20%25s%20loaded)
[INFO]   Translate "Phage Maw" (l.22)
[INFO]   Translate "Detonation Bomb" (l.23)
[INFO]   Translate "The augmented shield has been destroyed" (l.24)
[WARN] (/src/Raidcore/Modules/Phagemaw.lua:30) No reference for 'The augmented shield has been destroyed' (see http://wildstar.datminer.com/search/The%20augmented%20shield%20has%20been%20destroyed)
[INFO]   Translate "Bomb 1" (l.25)
[WARN] (/src/Raidcore/Modules/Phagemaw.lua:30) No reference for 'Bomb 1' (see http://wildstar.datminer.com/search/Bomb%201)
[INFO]   Translate "Bomb 2" (l.26)
[WARN] (/src/Raidcore/Modules/Phagemaw.lua:30) No reference for 'Bomb 2' (see http://wildstar.datminer.com/search/Bomb%202)
[INFO]   Translate "Bomb 3" (l.27)
[WARN] (/src/Raidcore/Modules/Phagemaw.lua:30) No reference for 'Bomb 3' (see http://wildstar.datminer.com/search/Bomb%203)
[INFO]   Translate "BOOOM !" (l.28)
[WARN] (/src/Raidcore/Modules/Phagemaw.lua:30) No reference for 'BOOOM !' (see http://wildstar.datminer.com/search/BOOOM%20!)
[INFO]   Translate "Phage Maw begins charging an orbital strike" (l.29)
[WARN] (/src/Raidcore/Modules/Phagemaw.lua:30) No reference for 'Phage Maw begins charging an orbital strike' (see http://wildstar.datminer.com/search/Phage%20Maw%20begins%20charging%20an%20orbital%20strike)
[INFO] Convert /src/Raidcore/Modules/EpFrostFire.lua
[INFO] Convert /src/Raidcore/Modules/BossPrototype.lua
[INFO] Convert /src/Raidcore/Modules/DSFrostWing.lua
[INFO] Convert /src/Raidcore/Modules/ExperimentX89.lua
[INFO]   Translate "KNOCKBACK" (l.23)
[WARN] (/src/Raidcore/Modules/ExperimentX89.lua:34) No reference for 'KNOCKBACK' (see http://wildstar.datminer.com/search/KNOCKBACK)
[INFO]   Translate "KNOCKBACK !!!" (l.24)
[WARN] (/src/Raidcore/Modules/ExperimentX89.lua:34) No reference for 'KNOCKBACK !!!' (see http://wildstar.datminer.com/search/KNOCKBACK%20!!!)
[INFO]   Translate "SHOCKWAVE" (l.25)
[WARN] (/src/Raidcore/Modules/ExperimentX89.lua:34) No reference for 'SHOCKWAVE' (see http://wildstar.datminer.com/search/SHOCKWAVE)
[INFO]   Translate "BEAM" (l.26)
[WARN] (/src/Raidcore/Modules/ExperimentX89.lua:34) No reference for 'BEAM' (see http://wildstar.datminer.com/search/BEAM)
[INFO]   Translate "LITTLE BOMB" (l.27)
[WARN] (/src/Raidcore/Modules/ExperimentX89.lua:34) No reference for 'LITTLE BOMB' (see http://wildstar.datminer.com/search/LITTLE%20BOMB)
[INFO]   Translate "LITTLE BOMB on YOU !!!" (l.28)
[WARN] (/src/Raidcore/Modules/ExperimentX89.lua:34) No reference for 'LITTLE BOMB on YOU !!!' (see http://wildstar.datminer.com/search/LITTLE%20BOMB%20on%20YOU%20!!!)
[INFO]   Translate "BIG BOMB on YOU !!!" (l.29)
[WARN] (/src/Raidcore/Modules/ExperimentX89.lua:34) No reference for 'BIG BOMB on YOU !!!' (see http://wildstar.datminer.com/search/BIG%20BOMB%20on%20YOU%20!!!)
[INFO]   Translate "Experiment X-89 has placed a bomb" (l.30)
[WARN] (/src/Raidcore/Modules/ExperimentX89.lua:34) No reference for 'Experiment X-89 has placed a bomb' (see http://wildstar.datminer.com/search/Experiment%20X-89%20has%20placed%20a%20bomb)
[INFO]   Translate "Resounding Shout" (l.31)
[INFO]   Translate "Repugnant Spew" (l.32)
[INFO]   Translate "Shattering Shockwave" (l.33)
[INFO] Convert /src/Raidcore/Modules/Prototypes.lua
[INFO]   Translate "Module %s loaded" (l.22)
[WARN] (/src/Raidcore/Modules/Prototypes.lua:40) No reference for 'Module %s loaded' (see http://wildstar.datminer.com/search/Module%20%25s%20loaded)
[INFO]   Translate "Phagetech Augmentor" (l.23)
[INFO]   Translate "Phagetech Fabricator" (l.24)
[INFO]   Translate "Phagetech Commander" (l.25)
[INFO]   Translate "Summon Repairbot" (l.26)
[INFO]   Translate "Repairbot!" (l.27)
[WARN] (/src/Raidcore/Modules/Prototypes.lua:40) No reference for 'Repairbot!' (see http://wildstar.datminer.com/search/Repairbot!)
[INFO]   Translate "Summon Destructobot" (l.28)
[INFO]   Translate "Destructobot!" (l.29)
[WARN] (/src/Raidcore/Modules/Prototypes.lua:40) No reference for 'Destructobot!' (see http://wildstar.datminer.com/search/Destructobot!)
[INFO]   Translate "Phagetech Commander is now active!" (l.30)
[WARN] (/src/Raidcore/Modules/Prototypes.lua:40) No reference for 'Phagetech Commander is now active!' (see http://wildstar.datminer.com/search/Phagetech%20Commander%20is%20now%20active!)
[INFO]   Translate "[2] TP + CROIX + BOTS" (l.31)
[WARN] (/src/Raidcore/Modules/Prototypes.lua:40) No reference for '[2] TP + CROIX + BOTS' (see http://wildstar.datminer.com/search/[2]%20TP%20+%20CROIX%20+%20BOTS)
[INFO]   Translate "BERSERK" (l.32)
[WARN] (/src/Raidcore/Modules/Prototypes.lua:40) No reference for 'BERSERK' (see http://wildstar.datminer.com/search/BERSERK)
[INFO]   Translate "Phagetech Augmentor is now active!" (l.33)
[WARN] (/src/Raidcore/Modules/Prototypes.lua:40) No reference for 'Phagetech Augmentor is now active!' (see http://wildstar.datminer.com/search/Phagetech%20Augmentor%20is%20now%20active!)
[INFO]   Translate "[3] SINGULARITY + VAGUE" (l.34)
[WARN] (/src/Raidcore/Modules/Prototypes.lua:40) No reference for '[3] SINGULARITY + VAGUE' (see http://wildstar.datminer.com/search/[3]%20SINGULARITY%20+%20VAGUE)
[INFO]   Translate "Phagetech Protector is now active!" (l.35)
[WARN] (/src/Raidcore/Modules/Prototypes.lua:40) No reference for 'Phagetech Protector is now active!' (see http://wildstar.datminer.com/search/Phagetech%20Protector%20is%20now%20active!)
[INFO]   Translate "Singularity" (l.36)
[INFO]   Translate "[4] SOAK + BOTS" (l.37)
[WARN] (/src/Raidcore/Modules/Prototypes.lua:40) No reference for '[4] SOAK + BOTS' (see http://wildstar.datminer.com/search/[4]%20SOAK%20+%20BOTS)
[INFO]   Translate "Phagetech Fabricator is now active!" (l.38)
[WARN] (/src/Raidcore/Modules/Prototypes.lua:40) No reference for 'Phagetech Fabricator is now active!' (see http://wildstar.datminer.com/search/Phagetech%20Fabricator%20is%20now%20active!)
[INFO]   Translate "[1] LINK + KICK" (l.39)
[WARN] (/src/Raidcore/Modules/Prototypes.lua:40) No reference for '[1] LINK + KICK' (see http://wildstar.datminer.com/search/[1]%20LINK%20+%20KICK)
[INFO] Convert /src/Raidcore/Modules/FrostAvalanche.lua
[INFO] Convert /src/Raidcore/Modules/Avatus.lua
[INFO] Convert /src/Raidcore/Modules/EpFrostLogic.lua
[INFO] Convert /src/Raidcore/Modules/DSFireWing.lua
[INFO] Convert /src/Raidcore/Modules/MaelstromAuthority.lua
[INFO] Convert /src/Raidcore/Modules/EpAirLife.lua
[INFO] Convert /src/Raidcore/Modules/SystemDeamons.lua
[INFO] Convert /src/Raidcore/Modules/EpFrostAir.lua
[INFO] Convert /src/Raidcore/Modules/EpEarthAir.lua
[INFO] Convert /src/Raidcore/Modules/Kuralak.lua
[INFO]   Translate "Kuralak the Defiler" (l.22)
[INFO]   Translate "P2 SOON !" (l.23)
[WARN] (/src/Raidcore/Modules/Kuralak.lua:46) No reference for 'P2 SOON !' (see http://wildstar.datminer.com/search/P2%20SOON%20!)
[INFO]   Translate "Kuralak the Defiler returns to the Archive Core" (l.24)
[WARN] (/src/Raidcore/Modules/Kuralak.lua:46) No reference for 'Kuralak the Defiler returns to the Archive Core' (see http://wildstar.datminer.com/search/Kuralak%20the%20Defiler%20returns%20to%20the%20Archive%20Core)
[INFO]   Translate "VANISH" (l.25)
[WARN] (/src/Raidcore/Modules/Kuralak.lua:46) No reference for 'VANISH' (see http://wildstar.datminer.com/search/VANISH)
[INFO]   Translate "Vanish" (l.26)
[INFO]   Translate "Kuralak the Defiler causes a violent outbreak of corruption" (l.27)
[WARN] (/src/Raidcore/Modules/Kuralak.lua:46) No reference for 'Kuralak the Defiler causes a violent outbreak of corruption' (see http://wildstar.datminer.com/search/Kuralak%20the%20Defiler%20causes%20a%20violent%20outbreak%20of%20corruption)
[INFO]   Translate "OUTBREAK" (l.28)
[WARN] (/src/Raidcore/Modules/Kuralak.lua:46) No reference for 'OUTBREAK' (see http://wildstar.datminer.com/search/OUTBREAK)
[INFO]   Translate "Outbreak" (l.29)
[INFO]   Translate "The corruption begins to fester" (l.30)
[WARN] (/src/Raidcore/Modules/Kuralak.lua:46) No reference for 'The corruption begins to fester' (see http://wildstar.datminer.com/search/The%20corruption%20begins%20to%20fester)
[INFO]   Translate "EGGS" (l.31)
[WARN] (/src/Raidcore/Modules/Kuralak.lua:46) No reference for 'EGGS' (see http://wildstar.datminer.com/search/EGGS)
[INFO]   Translate "Eggs" (l.32)
[WARN] (/src/Raidcore/Modules/Kuralak.lua:46) No reference for 'Eggs' (see http://wildstar.datminer.com/search/Eggs)
[INFO]   Translate "BERSERK !!" (l.33)
[WARN] (/src/Raidcore/Modules/Kuralak.lua:46) No reference for 'BERSERK !!' (see http://wildstar.datminer.com/search/BERSERK%20!!)
[INFO]   Translate "has been anesthetized" (l.34)
[WARN] (/src/Raidcore/Modules/Kuralak.lua:46) No reference for 'has been anesthetized' (see http://wildstar.datminer.com/search/has%20been%20anesthetized)
[INFO]   Translate "SWITCH TANK" (l.35)
[WARN] (/src/Raidcore/Modules/Kuralak.lua:46) No reference for 'SWITCH TANK' (see http://wildstar.datminer.com/search/SWITCH%20TANK)
[INFO]   Translate "Switch Tank" (l.36)
[WARN] (/src/Raidcore/Modules/Kuralak.lua:46) No reference for 'Switch Tank' (see http://wildstar.datminer.com/search/Switch%20Tank)
[INFO]   Translate "Through the Strain you will be transformed" (l.37)
[WARN] (/src/Raidcore/Modules/Kuralak.lua:46) No reference for 'Through the Strain you will be transformed' (see http://wildstar.datminer.com/search/Through%20the%20Strain%20you%20will%20be%20transformed)
[INFO]   Translate "Your form is flawed, but I will make you beautiful" (l.38)
[WARN] (/src/Raidcore/Modules/Kuralak.lua:46) No reference for 'Your form is flawed, but I will make you beautiful' (see http://wildstar.datminer.com/search/Your%20form%20is%20flawed,%20but%20I%20will%20make%20you%20beautiful)
[INFO]   Translate "Let the Strain perfect you" (l.39)
[WARN] (/src/Raidcore/Modules/Kuralak.lua:46) No reference for 'Let the Strain perfect you' (see http://wildstar.datminer.com/search/Let%20the%20Strain%20perfect%20you)
[INFO]   Translate "The Experiment has failed" (l.40)
[WARN] (/src/Raidcore/Modules/Kuralak.lua:46) No reference for 'The Experiment has failed' (see http://wildstar.datminer.com/search/The%20Experiment%20has%20failed)
[INFO]   Translate "Join us... become one with the Strain" (l.41)
[WARN] (/src/Raidcore/Modules/Kuralak.lua:46) No reference for 'Join us... become one with the Strain' (see http://wildstar.datminer.com/search/Join%20us...%20become%20one%20with%20the%20Strain)
[INFO]   Translate "One of us... you will become one of us" (l.42)
[WARN] (/src/Raidcore/Modules/Kuralak.lua:46) No reference for 'One of us... you will become one of us' (see http://wildstar.datminer.com/search/One%20of%20us...%20you%20will%20become%20one%20of%20us)
[INFO]   Translate "One of us... you will become one of us" (l.43)
[WARN] (/src/Raidcore/Modules/Kuralak.lua:46) No reference for 'One of us... you will become one of us' (see http://wildstar.datminer.com/search/One%20of%20us...%20you%20will%20become%20one%20of%20us)
[INFO]   Translate "One of us... you will become one of us" (l.44)
[WARN] (/src/Raidcore/Modules/Kuralak.lua:46) No reference for 'One of us... you will become one of us' (see http://wildstar.datminer.com/search/One%20of%20us...%20you%20will%20become%20one%20of%20us)
[INFO]   Translate "One of us... you will become one of us" (l.45)
[WARN] (/src/Raidcore/Modules/Kuralak.lua:46) No reference for 'One of us... you will become one of us' (see http://wildstar.datminer.com/search/One%20of%20us...%20you%20will%20become%20one%20of%20us)
[INFO] Convert /src/Raidcore/Modules/EpEarthLogic.lua
[INFO] Convert /src/Raidcore/Modules/EpLifeFire.lua
