[INFO] Convert /src/Raidcore/Modules/ExperimentX89.lua
[INFO]   Translate "KNOCKBACK" (l.23)
[WARN] (/src/Raidcore/Modules/ExperimentX89.lua:34) No reference for 'KNOCKBACK' (see http://wildstar.datminer.com/search/KNOCKBACK)
[INFO]   Translate "KNOCKBACK !!!" (l.24)
[WARN] (/src/Raidcore/Modules/ExperimentX89.lua:34) No reference for 'KNOCKBACK !!!' (see http://wildstar.datminer.com/search/KNOCKBACK%20!!!)
[INFO]   Translate "SHOCKWAVE" (l.25)
[WARN] (/src/Raidcore/Modules/ExperimentX89.lua:34) No reference for 'SHOCKWAVE' (see http://wildstar.datminer.com/search/SHOCKWAVE)
[INFO]   Translate "BEAM" (l.26)
[WARN] (/src/Raidcore/Modules/ExperimentX89.lua:34) No reference for 'BEAM' (see http://wildstar.datminer.com/search/BEAM)
[INFO]   Translate "LITTLE BOMB" (l.27)
[WARN] (/src/Raidcore/Modules/ExperimentX89.lua:34) No reference for 'LITTLE BOMB' (see http://wildstar.datminer.com/search/LITTLE%20BOMB)
[INFO]   Translate "LITTLE BOMB on YOU !!!" (l.28)
[WARN] (/src/Raidcore/Modules/ExperimentX89.lua:34) No reference for 'LITTLE BOMB on YOU !!!' (see http://wildstar.datminer.com/search/LITTLE%20BOMB%20on%20YOU%20!!!)
[INFO]   Translate "BIG BOMB on YOU !!!" (l.29)
[WARN] (/src/Raidcore/Modules/ExperimentX89.lua:34) No reference for 'BIG BOMB on YOU !!!' (see http://wildstar.datminer.com/search/BIG%20BOMB%20on%20YOU%20!!!)
[INFO]   Translate "Experiment X-89 has placed a bomb" (l.30)
[WARN] (/src/Raidcore/Modules/ExperimentX89.lua:34) No reference for 'Experiment X-89 has placed a bomb' (see http://wildstar.datminer.com/search/Experiment%20X-89%20has%20placed%20a%20bomb)
[INFO]   Translate "Resounding Shout" (l.31)
[INFO]   Translate "Repugnant Spew" (l.32)
[INFO]   Translate "Shattering Shockwave" (l.33)
