[INFO] Convert /src/Raidcore/Modules/Ohmna.lua
[INFO]   Translate "Module %s loaded" (l.52)
[WARN] (/src/Raidcore/Modules/Ohmna.lua:84) No reference for 'Module %s loaded' (see http://wildstar.datminer.com/search/Module%20%25s%20loaded)
[INFO]   Translate "Dreadphage Ohmna" (l.53)
[INFO]   Translate "Tentacle of Ohmna" (l.54)
[INFO]   Translate "Ravenous Maw of the Dreadphage" (l.55)
[INFO]   Translate "Tentacles" (l.56)
[INFO]   Translate "Next Tentacles" (l.57)
[WARN] (/src/Raidcore/Modules/Ohmna.lua:84) No reference for 'Next Tentacles' (see http://wildstar.datminer.com/search/Next%20Tentacles)
[INFO]   Translate "P2 SOON !" (l.58)
[WARN] (/src/Raidcore/Modules/Ohmna.lua:84) No reference for 'P2 SOON !' (see http://wildstar.datminer.com/search/P2%20SOON%20!)
[INFO]   Translate "P3 SOON !" (l.59)
[WARN] (/src/Raidcore/Modules/Ohmna.lua:84) No reference for 'P3 SOON !' (see http://wildstar.datminer.com/search/P3%20SOON%20!)
[INFO]   Translate "P3 REALLY SOON !" (l.60)
[WARN] (/src/Raidcore/Modules/Ohmna.lua:84) No reference for 'P3 REALLY SOON !' (see http://wildstar.datminer.com/search/P3%20REALLY%20SOON%20!)
[INFO]   Translate "Erupt" (l.61)
[INFO]   Translate "PILIER %s : %s" (l.62)
[WARN] (/src/Raidcore/Modules/Ohmna.lua:84) No reference for 'PILIER %s : %s' (see http://wildstar.datminer.com/search/PILIER%20%25s%20:%20%25s)
[INFO]   Translate "PILAR %s" (l.63)
[WARN] (/src/Raidcore/Modules/Ohmna.lua:84) No reference for 'PILAR %s' (see http://wildstar.datminer.com/search/PILAR%20%25s)
[INFO]   Translate "SWITCH TANK" (l.64)
[WARN] (/src/Raidcore/Modules/Ohmna.lua:84) No reference for 'SWITCH TANK' (see http://wildstar.datminer.com/search/SWITCH%20TANK)
[INFO]   Translate "Genetic Torrent" (l.65)
[INFO]   Translate "BIG SPEW" (l.66)
[WARN] (/src/Raidcore/Modules/Ohmna.lua:84) No reference for 'BIG SPEW' (see http://wildstar.datminer.com/search/BIG%20SPEW)
[INFO]   Translate "NEXT BIG SPEW" (l.67)
[WARN] (/src/Raidcore/Modules/Ohmna.lua:84) No reference for 'NEXT BIG SPEW' (see http://wildstar.datminer.com/search/NEXT%20BIG%20SPEW)
[INFO]   Translate "North Power Core Energy" (l.68)
[WARN] (/src/Raidcore/Modules/Ohmna.lua:84) No reference for 'North Power Core Energy' (see http://wildstar.datminer.com/search/North%20Power%20Core%20Energy)
[INFO]   Translate "NORTH" (l.69)
[WARN] (/src/Raidcore/Modules/Ohmna.lua:84) No reference for 'NORTH' (see http://wildstar.datminer.com/search/NORTH)
[INFO]   Translate "South Power Core Energy" (l.70)
[WARN] (/src/Raidcore/Modules/Ohmna.lua:84) No reference for 'South Power Core Energy' (see http://wildstar.datminer.com/search/South%20Power%20Core%20Energy)
[INFO]   Translate "SOUTH" (l.71)
[WARN] (/src/Raidcore/Modules/Ohmna.lua:84) No reference for 'SOUTH' (see http://wildstar.datminer.com/search/SOUTH)
[INFO]   Translate "East Power Core Energy" (l.72)
[WARN] (/src/Raidcore/Modules/Ohmna.lua:84) No reference for 'East Power Core Energy' (see http://wildstar.datminer.com/search/East%20Power%20Core%20Energy)
[INFO]   Translate "EAST" (l.73)
[WARN] (/src/Raidcore/Modules/Ohmna.lua:84) No reference for 'EAST' (see http://wildstar.datminer.com/search/EAST)
[INFO]   Translate "West Power Core Energy" (l.74)
[WARN] (/src/Raidcore/Modules/Ohmna.lua:84) No reference for 'West Power Core Energy' (see http://wildstar.datminer.com/search/West%20Power%20Core%20Energy)
[INFO]   Translate "WEST" (l.75)
[WARN] (/src/Raidcore/Modules/Ohmna.lua:84) No reference for 'WEST' (see http://wildstar.datminer.com/search/WEST)
[INFO]   Translate "A plasma leech begins draining" (l.76)
[WARN] (/src/Raidcore/Modules/Ohmna.lua:84) No reference for 'A plasma leech begins draining' (see http://wildstar.datminer.com/search/A%20plasma%20leech%20begins%20draining)
[INFO]   Translate "PHASE 2" (l.77)
[WARN] (/src/Raidcore/Modules/Ohmna.lua:84) No reference for 'PHASE 2' (see http://wildstar.datminer.com/search/PHASE%202)
[INFO]   Translate "Dreadphage Ohmna submerges" (l.78)
[WARN] (/src/Raidcore/Modules/Ohmna.lua:84) No reference for 'Dreadphage Ohmna submerges' (see http://wildstar.datminer.com/search/Dreadphage%20Ohmna%20submerges)
[INFO]   Translate "Dreadphage Ohmna is bored" (l.79)
[WARN] (/src/Raidcore/Modules/Ohmna.lua:84) No reference for 'Dreadphage Ohmna is bored' (see http://wildstar.datminer.com/search/Dreadphage%20Ohmna%20is%20bored)
[INFO]   Translate "The Archives tremble as Dreadphage Ohmna" (l.80)
[WARN] (/src/Raidcore/Modules/Ohmna.lua:84) No reference for 'The Archives tremble as Dreadphage Ohmna' (see http://wildstar.datminer.com/search/The%20Archives%20tremble%20as%20Dreadphage%20Ohmna)
[INFO]   Translate "P2 : TENTACLES" (l.81)
[WARN] (/src/Raidcore/Modules/Ohmna.lua:84) No reference for 'P2 : TENTACLES' (see http://wildstar.datminer.com/search/P2%20:%20TENTACLES)
[INFO]   Translate "The Archives quake with the furious might" (l.82)
[WARN] (/src/Raidcore/Modules/Ohmna.lua:84) No reference for 'The Archives quake with the furious might' (see http://wildstar.datminer.com/search/The%20Archives%20quake%20with%20the%20furious%20might)
[INFO]   Translate "P3 : RAVENOUS" (l.83)
[WARN] (/src/Raidcore/Modules/Ohmna.lua:84) No reference for 'P3 : RAVENOUS' (see http://wildstar.datminer.com/search/P3%20:%20RAVENOUS)
