[INFO] Convert /src/Raidcore/Modules/PhageCouncil.lua
[INFO]   Translate "Module %s loaded" (l.22)
[WARN] (/src/Raidcore/Modules/PhageCouncil.lua:42) No reference for 'Module %s loaded' (see http://wildstar.datminer.com/search/Module%20%25s%20loaded)
[INFO]   Translate "Golgox the Lifecrusher" (l.23)
[INFO]   Translate "Terax Blightweaver" (l.24)
[INFO]   Translate "Ersoth Curseform" (l.25)
[INFO]   Translate "Noxmind the Insidious" (l.26)
[INFO]   Translate "Fleshmonger Vratorg" (l.27)
[INFO]   Translate "Teleport" (l.28)
[INFO]   Translate "P2 : 20 IA" (l.29)
[WARN] (/src/Raidcore/Modules/PhageCouncil.lua:42) No reference for 'P2 : 20 IA' (see http://wildstar.datminer.com/search/P2%20:%2020%20IA)
[INFO]   Translate "P2 : 20 IA" (l.30)
[WARN] (/src/Raidcore/Modules/PhageCouncil.lua:42) No reference for 'P2 : 20 IA' (see http://wildstar.datminer.com/search/P2%20:%2020%20IA)
[INFO]   Translate "P2 : MINI ADDS" (l.31)
[WARN] (/src/Raidcore/Modules/PhageCouncil.lua:42) No reference for 'P2 : MINI ADDS' (see http://wildstar.datminer.com/search/P2%20:%20MINI%20ADDS)
[INFO]   Translate "P2 : MINI ADDS" (l.32)
[WARN] (/src/Raidcore/Modules/PhageCouncil.lua:42) No reference for 'P2 : MINI ADDS' (see http://wildstar.datminer.com/search/P2%20:%20MINI%20ADDS)
[INFO]   Translate "P2 : SUBDUE" (l.33)
[WARN] (/src/Raidcore/Modules/PhageCouncil.lua:42) No reference for 'P2 : SUBDUE' (see http://wildstar.datminer.com/search/P2%20:%20SUBDUE)
[INFO]   Translate "P2 : SUBDUE" (l.34)
[WARN] (/src/Raidcore/Modules/PhageCouncil.lua:42) No reference for 'P2 : SUBDUE' (see http://wildstar.datminer.com/search/P2%20:%20SUBDUE)
[INFO]   Translate "P2 : PILIERS" (l.35)
[WARN] (/src/Raidcore/Modules/PhageCouncil.lua:42) No reference for 'P2 : PILIERS' (see http://wildstar.datminer.com/search/P2%20:%20PILIERS)
[INFO]   Translate "P2 : PILIERS" (l.36)
[WARN] (/src/Raidcore/Modules/PhageCouncil.lua:42) No reference for 'P2 : PILIERS' (see http://wildstar.datminer.com/search/P2%20:%20PILIERS)
[INFO]   Translate "P2 : SHIELD" (l.37)
[WARN] (/src/Raidcore/Modules/PhageCouncil.lua:42) No reference for 'P2 : SHIELD' (see http://wildstar.datminer.com/search/P2%20:%20SHIELD)
[INFO]   Translate "P2 : SHIELD" (l.38)
[WARN] (/src/Raidcore/Modules/PhageCouncil.lua:42) No reference for 'P2 : SHIELD' (see http://wildstar.datminer.com/search/P2%20:%20SHIELD)
[INFO]   Translate "Channeling Energy" (l.39)
[INFO]   Translate "[%s] NEXT P2" (l.40)
[WARN] (/src/Raidcore/Modules/PhageCouncil.lua:42) No reference for '[%s] NEXT P2' (see http://wildstar.datminer.com/search/[%25s]%20NEXT%20P2)
[INFO]   Translate "The Phageborn Convergence begins gathering its power" (l.41)
[WARN] (/src/Raidcore/Modules/PhageCouncil.lua:42) No reference for 'The Phageborn Convergence begins gathering its power' (see http://wildstar.datminer.com/search/The%20Phageborn%20Convergence%20begins%20gathering%20its%20power)
