[INFO] Convert /src/Raidcore/Modules/Prototypes.lua
[INFO]   Translate "Module %s loaded" (l.22)
[WARN] (/src/Raidcore/Modules/Prototypes.lua:40) No reference for 'Module %s loaded' (see http://wildstar.datminer.com/search/Module%20%25s%20loaded)
[INFO]   Translate "Phagetech Augmentor" (l.23)
[INFO]   Translate "Phagetech Fabricator" (l.24)
[INFO]   Translate "Phagetech Commander" (l.25)
[INFO]   Translate "Summon Repairbot" (l.26)
[INFO]   Translate "Repairbot!" (l.27)
[WARN] (/src/Raidcore/Modules/Prototypes.lua:40) No reference for 'Repairbot!' (see http://wildstar.datminer.com/search/Repairbot!)
[INFO]   Translate "Summon Destructobot" (l.28)
[INFO]   Translate "Destructobot!" (l.29)
[WARN] (/src/Raidcore/Modules/Prototypes.lua:40) No reference for 'Destructobot!' (see http://wildstar.datminer.com/search/Destructobot!)
[INFO]   Translate "Phagetech Commander is now active!" (l.30)
[WARN] (/src/Raidcore/Modules/Prototypes.lua:40) No reference for 'Phagetech Commander is now active!' (see http://wildstar.datminer.com/search/Phagetech%20Commander%20is%20now%20active!)
[INFO]   Translate "[2] TP + CROIX + BOTS" (l.31)
[WARN] (/src/Raidcore/Modules/Prototypes.lua:40) No reference for '[2] TP + CROIX + BOTS' (see http://wildstar.datminer.com/search/[2]%20TP%20+%20CROIX%20+%20BOTS)
[INFO]   Translate "BERSERK" (l.32)
[WARN] (/src/Raidcore/Modules/Prototypes.lua:40) No reference for 'BERSERK' (see http://wildstar.datminer.com/search/BERSERK)
[INFO]   Translate "Phagetech Augmentor is now active!" (l.33)
[WARN] (/src/Raidcore/Modules/Prototypes.lua:40) No reference for 'Phagetech Augmentor is now active!' (see http://wildstar.datminer.com/search/Phagetech%20Augmentor%20is%20now%20active!)
[INFO]   Translate "[3] SINGULARITY + VAGUE" (l.34)
[WARN] (/src/Raidcore/Modules/Prototypes.lua:40) No reference for '[3] SINGULARITY + VAGUE' (see http://wildstar.datminer.com/search/[3]%20SINGULARITY%20+%20VAGUE)
[INFO]   Translate "Phagetech Protector is now active!" (l.35)
[WARN] (/src/Raidcore/Modules/Prototypes.lua:40) No reference for 'Phagetech Protector is now active!' (see http://wildstar.datminer.com/search/Phagetech%20Protector%20is%20now%20active!)
[INFO]   Translate "Singularity" (l.36)
[INFO]   Translate "[4] SOAK + BOTS" (l.37)
[WARN] (/src/Raidcore/Modules/Prototypes.lua:40) No reference for '[4] SOAK + BOTS' (see http://wildstar.datminer.com/search/[4]%20SOAK%20+%20BOTS)
[INFO]   Translate "Phagetech Fabricator is now active!" (l.38)
[WARN] (/src/Raidcore/Modules/Prototypes.lua:40) No reference for 'Phagetech Fabricator is now active!' (see http://wildstar.datminer.com/search/Phagetech%20Fabricator%20is%20now%20active!)
[INFO]   Translate "[1] LINK + KICK" (l.39)
[WARN] (/src/Raidcore/Modules/Prototypes.lua:40) No reference for '[1] LINK + KICK' (see http://wildstar.datminer.com/search/[1]%20LINK%20+%20KICK)
